2023-11-20 13:06:12,239 [1] INFO Microsoft.EntityFrameworkCore.Infrastructure.?[?] - Entity Framework Core 6.0.24 initialized 'ComplaintTicketContext' using provider 'Microsoft.EntityFrameworkCore.SqlServer:6.0.24' with options: None
2023-11-20 13:07:07,422 [1] INFO Microsoft.EntityFrameworkCore.Infrastructure.?[?] - Entity Framework Core 6.0.24 initialized 'ComplaintTicketContext' using provider 'Microsoft.EntityFrameworkCore.SqlServer:6.0.24' with options: None
2023-11-20 13:07:13,876 [1] INFO Microsoft.EntityFrameworkCore.Database.Command.?[?] - Executed DbCommand (3,405ms) [Parameters=[], CommandType='Text', CommandTimeout='60']
CREATE DATABASE [dbComplaintTicket20Nov2023];
2023-11-20 13:07:15,569 [1] INFO Microsoft.EntityFrameworkCore.Database.Command.?[?] - Executed DbCommand (1,655ms) [Parameters=[], CommandType='Text', CommandTimeout='60']
IF SERVERPROPERTY('EngineEdition') <> 5
BEGIN
    ALTER DATABASE [dbComplaintTicket20Nov2023] SET READ_COMMITTED_SNAPSHOT ON;
END;
2023-11-20 13:07:15,629 [1] INFO Microsoft.EntityFrameworkCore.Database.Command.?[?] - Executed DbCommand (20ms) [Parameters=[], CommandType='Text', CommandTimeout='30']
SELECT 1
2023-11-20 13:07:16,315 [1] INFO Microsoft.EntityFrameworkCore.Database.Command.?[?] - Executed DbCommand (358ms) [Parameters=[], CommandType='Text', CommandTimeout='30']
CREATE TABLE [__EFMigrationsHistory] (
    [MigrationId] nvarchar(150) NOT NULL,
    [ProductVersion] nvarchar(32) NOT NULL,
    CONSTRAINT [PK___EFMigrationsHistory] PRIMARY KEY ([MigrationId])
);
2023-11-20 13:07:16,322 [1] INFO Microsoft.EntityFrameworkCore.Database.Command.?[?] - Executed DbCommand (2ms) [Parameters=[], CommandType='Text', CommandTimeout='30']
SELECT 1
2023-11-20 13:07:16,395 [1] INFO Microsoft.EntityFrameworkCore.Database.Command.?[?] - Executed DbCommand (47ms) [Parameters=[], CommandType='Text', CommandTimeout='30']
SELECT OBJECT_ID(N'[__EFMigrationsHistory]');
2023-11-20 13:07:16,439 [1] INFO Microsoft.EntityFrameworkCore.Database.Command.?[?] - Executed DbCommand (27ms) [Parameters=[], CommandType='Text', CommandTimeout='30']
SELECT [MigrationId], [ProductVersion]
FROM [__EFMigrationsHistory]
ORDER BY [MigrationId];
2023-11-20 13:07:16,495 [1] INFO Microsoft.EntityFrameworkCore.Migrations.?[?] - Applying migration '20231120073612_Initial'.
2023-11-20 13:07:16,709 [1] INFO Microsoft.EntityFrameworkCore.Database.Command.?[?] - Executed DbCommand (48ms) [Parameters=[], CommandType='Text', CommandTimeout='30']
CREATE TABLE [Organizations] (
    [OrganizationId] int NOT NULL IDENTITY,
    [OrganizationName] nvarchar(max) NOT NULL,
    [Description] nvarchar(max) NOT NULL,
    [ContactEmail] nvarchar(max) NOT NULL,
    [ContactPhone] nvarchar(max) NOT NULL,
    CONSTRAINT [PK_Organizations] PRIMARY KEY ([OrganizationId])
);
2023-11-20 13:07:16,741 [1] INFO Microsoft.EntityFrameworkCore.Database.Command.?[?] - Executed DbCommand (28ms) [Parameters=[], CommandType='Text', CommandTimeout='30']
CREATE TABLE [Users] (
    [Username] nvarchar(450) NOT NULL,
    [Password] varbinary(max) NOT NULL,
    [Key] varbinary(max) NOT NULL,
    [Role] nvarchar(max) NOT NULL,
    CONSTRAINT [PK_Users] PRIMARY KEY ([Username])
);
2023-11-20 13:07:16,820 [1] INFO Microsoft.EntityFrameworkCore.Database.Command.?[?] - Executed DbCommand (77ms) [Parameters=[], CommandType='Text', CommandTimeout='30']
CREATE TABLE [Analytics] (
    [AnalyticsId] int NOT NULL IDENTITY,
    [ReportName] nvarchar(max) NOT NULL,
    [OrganizationId] int NOT NULL,
    CONSTRAINT [PK_Analytics] PRIMARY KEY ([AnalyticsId]),
    CONSTRAINT [FK_Analytics_Organizations_OrganizationId] FOREIGN KEY ([OrganizationId]) REFERENCES [Organizations] ([OrganizationId]) ON DELETE CASCADE
);
2023-11-20 13:07:19,346 [1] INFO Microsoft.EntityFrameworkCore.Database.Command.?[?] - Executed DbCommand (14ms) [Parameters=[], CommandType='Text', CommandTimeout='30']
CREATE TABLE [Complaints] (
    [ComplaintId] int NOT NULL IDENTITY,
    [Category] nvarchar(max) NOT NULL,
    [Description] nvarchar(max) NOT NULL,
    [OrganizationName] nvarchar(max) NOT NULL,
    [FilePath] nvarchar(max) NULL,
    [Username] nvarchar(450) NOT NULL,
    [OrganizationId] int NOT NULL,
    CONSTRAINT [PK_Complaints] PRIMARY KEY ([ComplaintId]),
    CONSTRAINT [FK_Complaints_Organizations_OrganizationId] FOREIGN KEY ([OrganizationId]) REFERENCES [Organizations] ([OrganizationId]) ON DELETE CASCADE,
    CONSTRAINT [FK_Complaints_Users_Username] FOREIGN KEY ([Username]) REFERENCES [Users] ([Username]) ON DELETE NO ACTION
);
2023-11-20 13:07:19,360 [1] INFO Microsoft.EntityFrameworkCore.Database.Command.?[?] - Executed DbCommand (10ms) [Parameters=[], CommandType='Text', CommandTimeout='30']
CREATE TABLE [Comments] (
    [CommentId] int NOT NULL IDENTITY,
    [Text] nvarchar(max) NOT NULL,
    [CreatedAt] datetime2 NOT NULL,
    [ComplaintId] int NOT NULL,
    [Username] nvarchar(450) NOT NULL,
    CONSTRAINT [PK_Comments] PRIMARY KEY ([CommentId]),
    CONSTRAINT [FK_Comments_Complaints_ComplaintId] FOREIGN KEY ([ComplaintId]) REFERENCES [Complaints] ([ComplaintId]) ON DELETE CASCADE,
    CONSTRAINT [FK_Comments_Users_Username] FOREIGN KEY ([Username]) REFERENCES [Users] ([Username]) ON DELETE NO ACTION
);
2023-11-20 13:07:22,837 [1] INFO Microsoft.EntityFrameworkCore.Database.Command.?[?] - Executed DbCommand (29ms) [Parameters=[], CommandType='Text', CommandTimeout='30']
CREATE TABLE [Priorities] (
    [PriorityId] int NOT NULL IDENTITY,
    [Name] nvarchar(max) NOT NULL,
    [ComplaintId] int NOT NULL,
    [EscalationThreshold] int NOT NULL,
    CONSTRAINT [PK_Priorities] PRIMARY KEY ([PriorityId]),
    CONSTRAINT [FK_Priorities_Complaints_ComplaintId] FOREIGN KEY ([ComplaintId]) REFERENCES [Complaints] ([ComplaintId]) ON DELETE NO ACTION
);
2023-11-20 13:07:22,854 [1] INFO Microsoft.EntityFrameworkCore.Database.Command.?[?] - Executed DbCommand (5ms) [Parameters=[], CommandType='Text', CommandTimeout='30']
CREATE TABLE [Trackings] (
    [TrackingId] int NOT NULL IDENTITY,
    [ComplaintId] int NOT NULL,
    [Status] nvarchar(max) NOT NULL,
    [UpdateDate] datetime2 NOT NULL,
    CONSTRAINT [PK_Trackings] PRIMARY KEY ([TrackingId]),
    CONSTRAINT [FK_Trackings_Complaints_ComplaintId] FOREIGN KEY ([ComplaintId]) REFERENCES [Complaints] ([ComplaintId]) ON DELETE NO ACTION
);
2023-11-20 13:07:26,250 [1] INFO Microsoft.EntityFrameworkCore.Database.Command.?[?] - Executed DbCommand (87ms) [Parameters=[], CommandType='Text', CommandTimeout='30']
CREATE INDEX [IX_Analytics_OrganizationId] ON [Analytics] ([OrganizationId]);
2023-11-20 13:07:26,293 [1] INFO Microsoft.EntityFrameworkCore.Database.Command.?[?] - Executed DbCommand (21ms) [Parameters=[], CommandType='Text', CommandTimeout='30']
CREATE INDEX [IX_Comments_ComplaintId] ON [Comments] ([ComplaintId]);
2023-11-20 13:07:26,305 [1] INFO Microsoft.EntityFrameworkCore.Database.Command.?[?] - Executed DbCommand (3ms) [Parameters=[], CommandType='Text', CommandTimeout='30']
CREATE INDEX [IX_Comments_Username] ON [Comments] ([Username]);
2023-11-20 13:07:26,315 [1] INFO Microsoft.EntityFrameworkCore.Database.Command.?[?] - Executed DbCommand (8ms) [Parameters=[], CommandType='Text', CommandTimeout='30']
CREATE INDEX [IX_Complaints_OrganizationId] ON [Complaints] ([OrganizationId]);
2023-11-20 13:07:26,323 [1] INFO Microsoft.EntityFrameworkCore.Database.Command.?[?] - Executed DbCommand (5ms) [Parameters=[], CommandType='Text', CommandTimeout='30']
CREATE INDEX [IX_Complaints_Username] ON [Complaints] ([Username]);
2023-11-20 13:07:26,335 [1] INFO Microsoft.EntityFrameworkCore.Database.Command.?[?] - Executed DbCommand (10ms) [Parameters=[], CommandType='Text', CommandTimeout='30']
CREATE UNIQUE INDEX [IX_Priorities_ComplaintId] ON [Priorities] ([ComplaintId]);
2023-11-20 13:07:26,347 [1] INFO Microsoft.EntityFrameworkCore.Database.Command.?[?] - Executed DbCommand (9ms) [Parameters=[], CommandType='Text', CommandTimeout='30']
CREATE UNIQUE INDEX [IX_Trackings_ComplaintId] ON [Trackings] ([ComplaintId]);
2023-11-20 13:07:29,669 [1] INFO Microsoft.EntityFrameworkCore.Database.Command.?[?] - Executed DbCommand (84ms) [Parameters=[], CommandType='Text', CommandTimeout='30']
INSERT INTO [__EFMigrationsHistory] ([MigrationId], [ProductVersion])
VALUES (N'20231120073612_Initial', N'6.0.24');
2023-11-20 13:08:34,281 [1] INFO Microsoft.Hosting.Lifetime.?[?] - Now listening on: https://localhost:7177
2023-11-20 13:08:37,033 [1] INFO Microsoft.Hosting.Lifetime.?[?] - Now listening on: http://localhost:5029
2023-11-20 13:08:39,752 [1] INFO Microsoft.Hosting.Lifetime.OnApplicationStarted[0] - Application started. Press Ctrl+C to shut down.
2023-11-20 13:08:39,965 [1] INFO Microsoft.Hosting.Lifetime.OnApplicationStarted[0] - Hosting environment: Development
2023-11-20 13:08:39,994 [1] INFO Microsoft.Hosting.Lifetime.OnApplicationStarted[0] - Content root path: C:\Desktop\MyProject\ComplaintTicketSolution\ComplaintTicketApp\
2023-11-20 13:10:14,153 [.NET ThreadPool Worker] INFO Microsoft.EntityFrameworkCore.Infrastructure.?[?] - Entity Framework Core 6.0.24 initialized 'ComplaintTicketContext' using provider 'Microsoft.EntityFrameworkCore.SqlServer:6.0.24' with options: None
2023-11-20 13:10:20,039 [.NET ThreadPool Worker] INFO Microsoft.EntityFrameworkCore.Database.Command.?[?] - Executed DbCommand (396ms) [Parameters=[@p0='?' (Size = 450), @p1='?' (Size = 8000) (DbType = Binary), @p2='?' (Size = 8000) (DbType = Binary), @p3='?' (Size = 4000)], CommandType='Text', CommandTimeout='30']
SET NOCOUNT ON;
INSERT INTO [Users] ([Username], [Key], [Password], [Role])
VALUES (@p0, @p1, @p2, @p3);
2023-11-20 13:10:52,094 [.NET ThreadPool Worker] INFO Microsoft.EntityFrameworkCore.Infrastructure.?[?] - Entity Framework Core 6.0.24 initialized 'ComplaintTicketContext' using provider 'Microsoft.EntityFrameworkCore.SqlServer:6.0.24' with options: None
2023-11-20 13:10:52,584 [.NET ThreadPool Worker] INFO Microsoft.EntityFrameworkCore.Database.Command.?[?] - Executed DbCommand (443ms) [Parameters=[@p0='?' (Size = 450), @p1='?' (Size = 8000) (DbType = Binary), @p2='?' (Size = 8000) (DbType = Binary), @p3='?' (Size = 4000)], CommandType='Text', CommandTimeout='30']
SET NOCOUNT ON;
INSERT INTO [Users] ([Username], [Key], [Password], [Role])
VALUES (@p0, @p1, @p2, @p3);
2023-11-20 13:17:05,596 [.NET ThreadPool Worker] INFO Microsoft.EntityFrameworkCore.Infrastructure.?[?] - Entity Framework Core 6.0.24 initialized 'ComplaintTicketContext' using provider 'Microsoft.EntityFrameworkCore.SqlServer:6.0.24' with options: None
2023-11-20 13:17:08,235 [.NET ThreadPool Worker] INFO Microsoft.EntityFrameworkCore.Database.Command.?[?] - Executed DbCommand (43ms) [Parameters=[@__key_0='?' (Size = 450)], CommandType='Text', CommandTimeout='30']
SELECT TOP(2) [u].[Username], [u].[Key], [u].[Password], [u].[Role]
FROM [Users] AS [u]
WHERE [u].[Username] = @__key_0
2023-11-20 13:23:26,968 [1] INFO Microsoft.Hosting.Lifetime.?[?] - Now listening on: https://localhost:7177
2023-11-20 13:23:27,173 [1] INFO Microsoft.Hosting.Lifetime.?[?] - Now listening on: http://localhost:5029
2023-11-20 13:23:27,230 [1] INFO Microsoft.Hosting.Lifetime.OnApplicationStarted[0] - Application started. Press Ctrl+C to shut down.
2023-11-20 13:23:27,326 [1] INFO Microsoft.Hosting.Lifetime.OnApplicationStarted[0] - Hosting environment: Development
2023-11-20 13:23:27,351 [1] INFO Microsoft.Hosting.Lifetime.OnApplicationStarted[0] - Content root path: C:\Desktop\MyProject\ComplaintTicketSolution\ComplaintTicketApp\
2023-11-20 13:24:33,876 [.NET ThreadPool Worker] INFO Microsoft.EntityFrameworkCore.Infrastructure.?[?] - Entity Framework Core 6.0.24 initialized 'ComplaintTicketContext' using provider 'Microsoft.EntityFrameworkCore.SqlServer:6.0.24' with options: None
2023-11-20 13:24:38,685 [.NET ThreadPool Worker] INFO Microsoft.EntityFrameworkCore.Database.Command.?[?] - Executed DbCommand (278ms) [Parameters=[@__key_0='?' (Size = 450)], CommandType='Text', CommandTimeout='30']
SELECT TOP(2) [u].[Username], [u].[Key], [u].[Password], [u].[Role]
FROM [Users] AS [u]
WHERE [u].[Username] = @__key_0
2023-11-20 13:44:10,231 [.NET ThreadPool Worker] INFO Microsoft.EntityFrameworkCore.Infrastructure.?[?] - Entity Framework Core 6.0.24 initialized 'ComplaintTicketContext' using provider 'Microsoft.EntityFrameworkCore.SqlServer:6.0.24' with options: None
2023-11-20 13:44:14,164 [.NET ThreadPool Worker] INFO Microsoft.EntityFrameworkCore.Database.Command.?[?] - Executed DbCommand (175ms) [Parameters=[@__key_0='?' (Size = 450)], CommandType='Text', CommandTimeout='30']
SELECT TOP(2) [u].[Username], [u].[Key], [u].[Password], [u].[Role]
FROM [Users] AS [u]
WHERE [u].[Username] = @__key_0
2023-11-20 16:42:47,158 [1] INFO Microsoft.Hosting.Lifetime.?[?] - Now listening on: https://localhost:7177
2023-11-20 16:42:47,400 [1] INFO Microsoft.Hosting.Lifetime.?[?] - Now listening on: http://localhost:5029
2023-11-20 16:42:47,427 [1] INFO Microsoft.Hosting.Lifetime.OnApplicationStarted[0] - Application started. Press Ctrl+C to shut down.
2023-11-20 16:42:47,439 [1] INFO Microsoft.Hosting.Lifetime.OnApplicationStarted[0] - Hosting environment: Development
2023-11-20 16:42:47,448 [1] INFO Microsoft.Hosting.Lifetime.OnApplicationStarted[0] - Content root path: C:\Desktop\MyProject\ComplaintTicketSolution\ComplaintTicketApp\
2023-11-20 16:43:49,567 [.NET ThreadPool Worker] INFO Microsoft.EntityFrameworkCore.Infrastructure.?[?] - Entity Framework Core 6.0.24 initialized 'ComplaintTicketContext' using provider 'Microsoft.EntityFrameworkCore.SqlServer:6.0.24' with options: None
2023-11-20 16:43:55,373 [.NET ThreadPool Worker] INFO Microsoft.EntityFrameworkCore.Database.Command.?[?] - Executed DbCommand (347ms) [Parameters=[@__key_0='?' (Size = 450)], CommandType='Text', CommandTimeout='30']
SELECT TOP(2) [u].[Username], [u].[Key], [u].[Password], [u].[Role]
FROM [Users] AS [u]
WHERE [u].[Username] = @__key_0
2023-11-20 16:53:07,033 [.NET ThreadPool Worker] INFO Microsoft.EntityFrameworkCore.Infrastructure.?[?] - Entity Framework Core 6.0.24 initialized 'ComplaintTicketContext' using provider 'Microsoft.EntityFrameworkCore.SqlServer:6.0.24' with options: None
2023-11-20 16:53:09,274 [.NET ThreadPool Worker] ERROR Microsoft.EntityFrameworkCore.Database.Command.?[?] - Failed executing DbCommand (117ms) [Parameters=[@p0='?' (Size = 450), @p1='?' (Size = 8000) (DbType = Binary), @p2='?' (Size = 8000) (DbType = Binary), @p3='?' (Size = 4000)], CommandType='Text', CommandTimeout='30']
SET NOCOUNT ON;
INSERT INTO [Users] ([Username], [Key], [Password], [Role])
VALUES (@p0, @p1, @p2, @p3);
2023-11-20 16:53:09,449 [.NET ThreadPool Worker] ERROR Microsoft.EntityFrameworkCore.Update.?[?] - An exception occurred in the database while saving changes for context type 'ComplaintTicketApp.Contexts.ComplaintTicketContext'.
Microsoft.EntityFrameworkCore.DbUpdateException: An error occurred while saving the entity changes. See the inner exception for details.
 ---> Microsoft.Data.SqlClient.SqlException (0x80131904): Violation of PRIMARY KEY constraint 'PK_Users'. Cannot insert duplicate key in object 'dbo.Users'. The duplicate key value is (pravi@gmail.com).
The statement has been terminated.
   at Microsoft.Data.SqlClient.SqlConnection.OnError(SqlException exception, Boolean breakConnection, Action`1 wrapCloseInAction)
   at Microsoft.Data.SqlClient.TdsParser.ThrowExceptionAndWarning(TdsParserStateObject stateObj, Boolean callerHasConnectionLock, Boolean asyncClose)
   at Microsoft.Data.SqlClient.TdsParser.TryRun(RunBehavior runBehavior, SqlCommand cmdHandler, SqlDataReader dataStream, BulkCopySimpleResultSet bulkCopyHandler, TdsParserStateObject stateObj, Boolean& dataReady)
   at Microsoft.Data.SqlClient.SqlDataReader.TryConsumeMetaData()
   at Microsoft.Data.SqlClient.SqlDataReader.get_MetaData()
   at Microsoft.Data.SqlClient.SqlCommand.FinishExecuteReader(SqlDataReader ds, RunBehavior runBehavior, String resetOptionsString, Boolean isInternal, Boolean forDescribeParameterEncryption, Boolean shouldCacheForAlwaysEncrypted)
   at Microsoft.Data.SqlClient.SqlCommand.RunExecuteReaderTds(CommandBehavior cmdBehavior, RunBehavior runBehavior, Boolean returnStream, Boolean isAsync, Int32 timeout, Task& task, Boolean asyncWrite, Boolean inRetry, SqlDataReader ds, Boolean describeParameterEncryptionRequest)
   at Microsoft.Data.SqlClient.SqlCommand.RunExecuteReader(CommandBehavior cmdBehavior, RunBehavior runBehavior, Boolean returnStream, TaskCompletionSource`1 completion, Int32 timeout, Task& task, Boolean& usedCache, Boolean asyncWrite, Boolean inRetry, String method)
   at Microsoft.Data.SqlClient.SqlCommand.ExecuteReader(CommandBehavior behavior)
   at Microsoft.EntityFrameworkCore.Storage.RelationalCommand.ExecuteReader(RelationalCommandParameterObject parameterObject)
   at Microsoft.EntityFrameworkCore.Update.ReaderModificationCommandBatch.Execute(IRelationalConnection connection)
ClientConnectionId:4327185e-8650-4ebb-9f16-db8d669b932d
Error Number:2627,State:1,Class:14
   --- End of inner exception stack trace ---
   at Microsoft.EntityFrameworkCore.Update.ReaderModificationCommandBatch.Execute(IRelationalConnection connection)
   at Microsoft.EntityFrameworkCore.Update.Internal.BatchExecutor.Execute(IEnumerable`1 commandBatches, IRelationalConnection connection)
   at Microsoft.EntityFrameworkCore.ChangeTracking.Internal.StateManager.SaveChanges(IList`1 entriesToSave)
   at Microsoft.EntityFrameworkCore.ChangeTracking.Internal.StateManager.SaveChanges(StateManager stateManager, Boolean acceptAllChangesOnSuccess)
   at Microsoft.EntityFrameworkCore.SqlServer.Storage.Internal.SqlServerExecutionStrategy.Execute[TState,TResult](TState state, Func`3 operation, Func`3 verifySucceeded)
   at Microsoft.EntityFrameworkCore.ChangeTracking.Internal.StateManager.SaveChanges(Boolean acceptAllChangesOnSuccess)
   at Microsoft.EntityFrameworkCore.DbContext.SaveChanges(Boolean acceptAllChangesOnSuccess)
Microsoft.EntityFrameworkCore.DbUpdateException: An error occurred while saving the entity changes. See the inner exception for details.
 ---> Microsoft.Data.SqlClient.SqlException (0x80131904): Violation of PRIMARY KEY constraint 'PK_Users'. Cannot insert duplicate key in object 'dbo.Users'. The duplicate key value is (pravi@gmail.com).
The statement has been terminated.
   at Microsoft.Data.SqlClient.SqlConnection.OnError(SqlException exception, Boolean breakConnection, Action`1 wrapCloseInAction)
   at Microsoft.Data.SqlClient.TdsParser.ThrowExceptionAndWarning(TdsParserStateObject stateObj, Boolean callerHasConnectionLock, Boolean asyncClose)
   at Microsoft.Data.SqlClient.TdsParser.TryRun(RunBehavior runBehavior, SqlCommand cmdHandler, SqlDataReader dataStream, BulkCopySimpleResultSet bulkCopyHandler, TdsParserStateObject stateObj, Boolean& dataReady)
   at Microsoft.Data.SqlClient.SqlDataReader.TryConsumeMetaData()
   at Microsoft.Data.SqlClient.SqlDataReader.get_MetaData()
   at Microsoft.Data.SqlClient.SqlCommand.FinishExecuteReader(SqlDataReader ds, RunBehavior runBehavior, String resetOptionsString, Boolean isInternal, Boolean forDescribeParameterEncryption, Boolean shouldCacheForAlwaysEncrypted)
   at Microsoft.Data.SqlClient.SqlCommand.RunExecuteReaderTds(CommandBehavior cmdBehavior, RunBehavior runBehavior, Boolean returnStream, Boolean isAsync, Int32 timeout, Task& task, Boolean asyncWrite, Boolean inRetry, SqlDataReader ds, Boolean describeParameterEncryptionRequest)
   at Microsoft.Data.SqlClient.SqlCommand.RunExecuteReader(CommandBehavior cmdBehavior, RunBehavior runBehavior, Boolean returnStream, TaskCompletionSource`1 completion, Int32 timeout, Task& task, Boolean& usedCache, Boolean asyncWrite, Boolean inRetry, String method)
   at Microsoft.Data.SqlClient.SqlCommand.ExecuteReader(CommandBehavior behavior)
   at Microsoft.EntityFrameworkCore.Storage.RelationalCommand.ExecuteReader(RelationalCommandParameterObject parameterObject)
   at Microsoft.EntityFrameworkCore.Update.ReaderModificationCommandBatch.Execute(IRelationalConnection connection)
ClientConnectionId:4327185e-8650-4ebb-9f16-db8d669b932d
Error Number:2627,State:1,Class:14
   --- End of inner exception stack trace ---
   at Microsoft.EntityFrameworkCore.Update.ReaderModificationCommandBatch.Execute(IRelationalConnection connection)
   at Microsoft.EntityFrameworkCore.Update.Internal.BatchExecutor.Execute(IEnumerable`1 commandBatches, IRelationalConnection connection)
   at Microsoft.EntityFrameworkCore.ChangeTracking.Internal.StateManager.SaveChanges(IList`1 entriesToSave)
   at Microsoft.EntityFrameworkCore.ChangeTracking.Internal.StateManager.SaveChanges(StateManager stateManager, Boolean acceptAllChangesOnSuccess)
   at Microsoft.EntityFrameworkCore.SqlServer.Storage.Internal.SqlServerExecutionStrategy.Execute[TState,TResult](TState state, Func`3 operation, Func`3 verifySucceeded)
   at Microsoft.EntityFrameworkCore.ChangeTracking.Internal.StateManager.SaveChanges(Boolean acceptAllChangesOnSuccess)
   at Microsoft.EntityFrameworkCore.DbContext.SaveChanges(Boolean acceptAllChangesOnSuccess)
2023-11-20 16:53:43,285 [.NET ThreadPool Worker] INFO Microsoft.EntityFrameworkCore.Infrastructure.?[?] - Entity Framework Core 6.0.24 initialized 'ComplaintTicketContext' using provider 'Microsoft.EntityFrameworkCore.SqlServer:6.0.24' with options: None
2023-11-20 16:53:43,822 [.NET ThreadPool Worker] INFO Microsoft.EntityFrameworkCore.Database.Command.?[?] - Executed DbCommand (464ms) [Parameters=[@__key_0='?' (Size = 450)], CommandType='Text', CommandTimeout='30']
SELECT TOP(2) [u].[Username], [u].[Key], [u].[Password], [u].[Role]
FROM [Users] AS [u]
WHERE [u].[Username] = @__key_0
2023-11-20 16:59:15,141 [.NET ThreadPool Worker] INFO Microsoft.EntityFrameworkCore.Infrastructure.?[?] - Entity Framework Core 6.0.24 initialized 'ComplaintTicketContext' using provider 'Microsoft.EntityFrameworkCore.SqlServer:6.0.24' with options: None
2023-11-20 16:59:15,551 [.NET ThreadPool Worker] INFO Microsoft.EntityFrameworkCore.Database.Command.?[?] - Executed DbCommand (331ms) [Parameters=[@__key_0='?' (Size = 450)], CommandType='Text', CommandTimeout='30']
SELECT TOP(2) [u].[Username], [u].[Key], [u].[Password], [u].[Role]
FROM [Users] AS [u]
WHERE [u].[Username] = @__key_0
2023-11-20 16:59:27,335 [.NET ThreadPool Worker] INFO Microsoft.EntityFrameworkCore.Infrastructure.?[?] - Entity Framework Core 6.0.24 initialized 'ComplaintTicketContext' using provider 'Microsoft.EntityFrameworkCore.SqlServer:6.0.24' with options: None
2023-11-20 16:59:27,653 [.NET ThreadPool Worker] INFO Microsoft.EntityFrameworkCore.Database.Command.?[?] - Executed DbCommand (308ms) [Parameters=[@__key_0='?' (Size = 450)], CommandType='Text', CommandTimeout='30']
SELECT TOP(2) [u].[Username], [u].[Key], [u].[Password], [u].[Role]
FROM [Users] AS [u]
WHERE [u].[Username] = @__key_0
2023-11-20 16:59:31,370 [.NET ThreadPool Worker] INFO Microsoft.EntityFrameworkCore.Infrastructure.?[?] - Entity Framework Core 6.0.24 initialized 'ComplaintTicketContext' using provider 'Microsoft.EntityFrameworkCore.SqlServer:6.0.24' with options: None
2023-11-20 16:59:31,400 [.NET ThreadPool Worker] INFO Microsoft.EntityFrameworkCore.Database.Command.?[?] - Executed DbCommand (4ms) [Parameters=[@__key_0='?' (Size = 450)], CommandType='Text', CommandTimeout='30']
SELECT TOP(2) [u].[Username], [u].[Key], [u].[Password], [u].[Role]
FROM [Users] AS [u]
WHERE [u].[Username] = @__key_0
2023-11-20 16:59:32,940 [.NET ThreadPool Worker] INFO Microsoft.EntityFrameworkCore.Infrastructure.?[?] - Entity Framework Core 6.0.24 initialized 'ComplaintTicketContext' using provider 'Microsoft.EntityFrameworkCore.SqlServer:6.0.24' with options: None
2023-11-20 16:59:32,967 [.NET ThreadPool Worker] INFO Microsoft.EntityFrameworkCore.Database.Command.?[?] - Executed DbCommand (3ms) [Parameters=[@__key_0='?' (Size = 450)], CommandType='Text', CommandTimeout='30']
SELECT TOP(2) [u].[Username], [u].[Key], [u].[Password], [u].[Role]
FROM [Users] AS [u]
WHERE [u].[Username] = @__key_0
2023-11-20 16:59:34,483 [.NET ThreadPool Worker] INFO Microsoft.EntityFrameworkCore.Infrastructure.?[?] - Entity Framework Core 6.0.24 initialized 'ComplaintTicketContext' using provider 'Microsoft.EntityFrameworkCore.SqlServer:6.0.24' with options: None
2023-11-20 16:59:34,670 [.NET ThreadPool Worker] INFO Microsoft.EntityFrameworkCore.Database.Command.?[?] - Executed DbCommand (28ms) [Parameters=[@__key_0='?' (Size = 450)], CommandType='Text', CommandTimeout='30']
SELECT TOP(2) [u].[Username], [u].[Key], [u].[Password], [u].[Role]
FROM [Users] AS [u]
WHERE [u].[Username] = @__key_0
2023-11-20 17:00:09,895 [.NET ThreadPool Worker] INFO Microsoft.EntityFrameworkCore.Infrastructure.?[?] - Entity Framework Core 6.0.24 initialized 'ComplaintTicketContext' using provider 'Microsoft.EntityFrameworkCore.SqlServer:6.0.24' with options: None
2023-11-20 17:00:10,015 [.NET ThreadPool Worker] INFO Microsoft.EntityFrameworkCore.Database.Command.?[?] - Executed DbCommand (4ms) [Parameters=[@__key_0='?' (Size = 450)], CommandType='Text', CommandTimeout='30']
SELECT TOP(2) [u].[Username], [u].[Key], [u].[Password], [u].[Role]
FROM [Users] AS [u]
WHERE [u].[Username] = @__key_0
2023-11-21 08:23:21,755 [1] INFO Microsoft.Hosting.Lifetime.?[?] - Now listening on: https://localhost:7177
2023-11-21 08:23:25,852 [1] INFO Microsoft.Hosting.Lifetime.?[?] - Now listening on: http://localhost:5029
2023-11-21 08:23:25,953 [1] INFO Microsoft.Hosting.Lifetime.OnApplicationStarted[0] - Application started. Press Ctrl+C to shut down.
2023-11-21 08:23:26,023 [1] INFO Microsoft.Hosting.Lifetime.OnApplicationStarted[0] - Hosting environment: Development
2023-11-21 08:23:26,363 [1] INFO Microsoft.Hosting.Lifetime.OnApplicationStarted[0] - Content root path: C:\Desktop\MyProject\ComplaintTicketSolution\ComplaintTicketApp\
2023-11-21 08:25:31,378 [.NET ThreadPool Worker] INFO Microsoft.EntityFrameworkCore.Infrastructure.?[?] - Entity Framework Core 6.0.24 initialized 'ComplaintTicketContext' using provider 'Microsoft.EntityFrameworkCore.SqlServer:6.0.24' with options: None
2023-11-21 08:25:54,487 [.NET ThreadPool Worker] ERROR Microsoft.EntityFrameworkCore.Database.Connection.?[?] - An error occurred using the connection to database 'dbComplaintTicket20Nov2023' on server 'PRAVEENA\SQLEXPRESS'.
2023-11-21 08:25:55,688 [.NET ThreadPool Worker] ERROR Microsoft.EntityFrameworkCore.Query.?[?] - An exception occurred while iterating over the results of a query for context type 'ComplaintTicketApp.Contexts.ComplaintTicketContext'.
Microsoft.Data.SqlClient.SqlException (0x80131904): Connection Timeout Expired.  The timeout period elapsed during the post-login phase.  The connection could have timed out while waiting for server to complete the login process and respond; Or it could have timed out while attempting to create multiple active connections.  The duration spent while attempting to connect to this server was - [Pre-Login] initialization=733; handshake=596; [Login] initialization=680; authentication=1368; [Post-Login] complete=13281; 
 ---> System.ComponentModel.Win32Exception (258): The wait operation timed out.
   at Microsoft.Data.SqlClient.TdsParser.ThrowExceptionAndWarning(TdsParserStateObject stateObj, Boolean callerHasConnectionLock, Boolean asyncClose)
   at Microsoft.Data.SqlClient.TdsParserStateObject.ReadSniError(TdsParserStateObject stateObj, UInt32 error)
   at Microsoft.Data.SqlClient.TdsParserStateObject.ReadSniSyncOverAsync()
   at Microsoft.Data.SqlClient.TdsParserStateObject.TryReadNetworkPacket()
   at Microsoft.Data.SqlClient.TdsParserStateObject.TryPrepareBuffer()
   at Microsoft.Data.SqlClient.TdsParserStateObject.TryReadByte(Byte& value)
   at Microsoft.Data.SqlClient.TdsParser.TryRun(RunBehavior runBehavior, SqlCommand cmdHandler, SqlDataReader dataStream, BulkCopySimpleResultSet bulkCopyHandler, TdsParserStateObject stateObj, Boolean& dataReady)
   at Microsoft.Data.SqlClient.TdsParser.Run(RunBehavior runBehavior, SqlCommand cmdHandler, SqlDataReader dataStream, BulkCopySimpleResultSet bulkCopyHandler, TdsParserStateObject stateObj)
   at Microsoft.Data.SqlClient.SqlInternalConnectionTds.CompleteLogin(Boolean enlistOK)
   at Microsoft.Data.SqlClient.SqlInternalConnectionTds.AttemptOneLogin(ServerInfo serverInfo, String newPassword, SecureString newSecurePassword, Boolean ignoreSniOpenTimeout, TimeoutTimer timeout, Boolean withFailover)
   at Microsoft.Data.SqlClient.SqlInternalConnectionTds.LoginNoFailover(ServerInfo serverInfo, String newPassword, SecureString newSecurePassword, Boolean redirectedUserInstance, SqlConnectionString connectionOptions, SqlCredential credential, TimeoutTimer timeout)
   at Microsoft.Data.SqlClient.SqlInternalConnectionTds.OpenLoginEnlist(TimeoutTimer timeout, SqlConnectionString connectionOptions, SqlCredential credential, String newPassword, SecureString newSecurePassword, Boolean redirectedUserInstance)
   at Microsoft.Data.SqlClient.SqlInternalConnectionTds..ctor(DbConnectionPoolIdentity identity, SqlConnectionString connectionOptions, SqlCredential credential, Object providerInfo, String newPassword, SecureString newSecurePassword, Boolean redirectedUserInstance, SqlConnectionString userConnectionOptions, SessionData reconnectSessionData, Boolean applyTransientFaultHandling, String accessToken, DbConnectionPool pool)
   at Microsoft.Data.SqlClient.SqlConnectionFactory.CreateConnection(DbConnectionOptions options, DbConnectionPoolKey poolKey, Object poolGroupProviderInfo, DbConnectionPool pool, DbConnection owningConnection, DbConnectionOptions userOptions)
   at Microsoft.Data.ProviderBase.DbConnectionFactory.CreatePooledConnection(DbConnectionPool pool, DbConnection owningObject, DbConnectionOptions options, DbConnectionPoolKey poolKey, DbConnectionOptions userOptions)
   at Microsoft.Data.ProviderBase.DbConnectionPool.CreateObject(DbConnection owningObject, DbConnectionOptions userOptions, DbConnectionInternal oldConnection)
   at Microsoft.Data.ProviderBase.DbConnectionPool.UserCreateRequest(DbConnection owningObject, DbConnectionOptions userOptions, DbConnectionInternal oldConnection)
   at Microsoft.Data.ProviderBase.DbConnectionPool.TryGetConnection(DbConnection owningObject, UInt32 waitForMultipleObjectsTimeout, Boolean allowCreate, Boolean onlyOneCheckConnection, DbConnectionOptions userOptions, DbConnectionInternal& connection)
   at Microsoft.Data.ProviderBase.DbConnectionPool.TryGetConnection(DbConnection owningObject, TaskCompletionSource`1 retry, DbConnectionOptions userOptions, DbConnectionInternal& connection)
   at Microsoft.Data.ProviderBase.DbConnectionFactory.TryGetConnection(DbConnection owningConnection, TaskCompletionSource`1 retry, DbConnectionOptions userOptions, DbConnectionInternal oldConnection, DbConnectionInternal& connection)
   at Microsoft.Data.ProviderBase.DbConnectionInternal.TryOpenConnectionInternal(DbConnection outerConnection, DbConnectionFactory connectionFactory, TaskCompletionSource`1 retry, DbConnectionOptions userOptions)
   at Microsoft.Data.SqlClient.SqlConnection.TryOpen(TaskCompletionSource`1 retry, SqlConnectionOverrides overrides)
   at Microsoft.Data.SqlClient.SqlConnection.Open(SqlConnectionOverrides overrides)
   at Microsoft.EntityFrameworkCore.Storage.RelationalConnection.OpenInternal(Boolean errorsExpected)
   at Microsoft.EntityFrameworkCore.Storage.RelationalConnection.Open(Boolean errorsExpected)
   at Microsoft.EntityFrameworkCore.Storage.RelationalCommand.ExecuteReader(RelationalCommandParameterObject parameterObject)
   at Microsoft.EntityFrameworkCore.Query.Internal.SingleQueryingEnumerable`1.Enumerator.InitializeReader(Enumerator enumerator)
   at Microsoft.EntityFrameworkCore.SqlServer.Storage.Internal.SqlServerExecutionStrategy.Execute[TState,TResult](TState state, Func`3 operation, Func`3 verifySucceeded)
   at Microsoft.EntityFrameworkCore.Query.Internal.SingleQueryingEnumerable`1.Enumerator.MoveNext()
ClientConnectionId:0824ffad-05cd-44b4-97a9-80be5b51b0e9
Error Number:-2,State:0,Class:11
Microsoft.Data.SqlClient.SqlException (0x80131904): Connection Timeout Expired.  The timeout period elapsed during the post-login phase.  The connection could have timed out while waiting for server to complete the login process and respond; Or it could have timed out while attempting to create multiple active connections.  The duration spent while attempting to connect to this server was - [Pre-Login] initialization=733; handshake=596; [Login] initialization=680; authentication=1368; [Post-Login] complete=13281; 
 ---> System.ComponentModel.Win32Exception (258): The wait operation timed out.
   at Microsoft.Data.SqlClient.TdsParser.ThrowExceptionAndWarning(TdsParserStateObject stateObj, Boolean callerHasConnectionLock, Boolean asyncClose)
   at Microsoft.Data.SqlClient.TdsParserStateObject.ReadSniError(TdsParserStateObject stateObj, UInt32 error)
   at Microsoft.Data.SqlClient.TdsParserStateObject.ReadSniSyncOverAsync()
   at Microsoft.Data.SqlClient.TdsParserStateObject.TryReadNetworkPacket()
   at Microsoft.Data.SqlClient.TdsParserStateObject.TryPrepareBuffer()
   at Microsoft.Data.SqlClient.TdsParserStateObject.TryReadByte(Byte& value)
   at Microsoft.Data.SqlClient.TdsParser.TryRun(RunBehavior runBehavior, SqlCommand cmdHandler, SqlDataReader dataStream, BulkCopySimpleResultSet bulkCopyHandler, TdsParserStateObject stateObj, Boolean& dataReady)
   at Microsoft.Data.SqlClient.TdsParser.Run(RunBehavior runBehavior, SqlCommand cmdHandler, SqlDataReader dataStream, BulkCopySimpleResultSet bulkCopyHandler, TdsParserStateObject stateObj)
   at Microsoft.Data.SqlClient.SqlInternalConnectionTds.CompleteLogin(Boolean enlistOK)
   at Microsoft.Data.SqlClient.SqlInternalConnectionTds.AttemptOneLogin(ServerInfo serverInfo, String newPassword, SecureString newSecurePassword, Boolean ignoreSniOpenTimeout, TimeoutTimer timeout, Boolean withFailover)
   at Microsoft.Data.SqlClient.SqlInternalConnectionTds.LoginNoFailover(ServerInfo serverInfo, String newPassword, SecureString newSecurePassword, Boolean redirectedUserInstance, SqlConnectionString connectionOptions, SqlCredential credential, TimeoutTimer timeout)
   at Microsoft.Data.SqlClient.SqlInternalConnectionTds.OpenLoginEnlist(TimeoutTimer timeout, SqlConnectionString connectionOptions, SqlCredential credential, String newPassword, SecureString newSecurePassword, Boolean redirectedUserInstance)
   at Microsoft.Data.SqlClient.SqlInternalConnectionTds..ctor(DbConnectionPoolIdentity identity, SqlConnectionString connectionOptions, SqlCredential credential, Object providerInfo, String newPassword, SecureString newSecurePassword, Boolean redirectedUserInstance, SqlConnectionString userConnectionOptions, SessionData reconnectSessionData, Boolean applyTransientFaultHandling, String accessToken, DbConnectionPool pool)
   at Microsoft.Data.SqlClient.SqlConnectionFactory.CreateConnection(DbConnectionOptions options, DbConnectionPoolKey poolKey, Object poolGroupProviderInfo, DbConnectionPool pool, DbConnection owningConnection, DbConnectionOptions userOptions)
   at Microsoft.Data.ProviderBase.DbConnectionFactory.CreatePooledConnection(DbConnectionPool pool, DbConnection owningObject, DbConnectionOptions options, DbConnectionPoolKey poolKey, DbConnectionOptions userOptions)
   at Microsoft.Data.ProviderBase.DbConnectionPool.CreateObject(DbConnection owningObject, DbConnectionOptions userOptions, DbConnectionInternal oldConnection)
   at Microsoft.Data.ProviderBase.DbConnectionPool.UserCreateRequest(DbConnection owningObject, DbConnectionOptions userOptions, DbConnectionInternal oldConnection)
   at Microsoft.Data.ProviderBase.DbConnectionPool.TryGetConnection(DbConnection owningObject, UInt32 waitForMultipleObjectsTimeout, Boolean allowCreate, Boolean onlyOneCheckConnection, DbConnectionOptions userOptions, DbConnectionInternal& connection)
   at Microsoft.Data.ProviderBase.DbConnectionPool.TryGetConnection(DbConnection owningObject, TaskCompletionSource`1 retry, DbConnectionOptions userOptions, DbConnectionInternal& connection)
   at Microsoft.Data.ProviderBase.DbConnectionFactory.TryGetConnection(DbConnection owningConnection, TaskCompletionSource`1 retry, DbConnectionOptions userOptions, DbConnectionInternal oldConnection, DbConnectionInternal& connection)
   at Microsoft.Data.ProviderBase.DbConnectionInternal.TryOpenConnectionInternal(DbConnection outerConnection, DbConnectionFactory connectionFactory, TaskCompletionSource`1 retry, DbConnectionOptions userOptions)
   at Microsoft.Data.SqlClient.SqlConnection.TryOpen(TaskCompletionSource`1 retry, SqlConnectionOverrides overrides)
   at Microsoft.Data.SqlClient.SqlConnection.Open(SqlConnectionOverrides overrides)
   at Microsoft.EntityFrameworkCore.Storage.RelationalConnection.OpenInternal(Boolean errorsExpected)
   at Microsoft.EntityFrameworkCore.Storage.RelationalConnection.Open(Boolean errorsExpected)
   at Microsoft.EntityFrameworkCore.Storage.RelationalCommand.ExecuteReader(RelationalCommandParameterObject parameterObject)
   at Microsoft.EntityFrameworkCore.Query.Internal.SingleQueryingEnumerable`1.Enumerator.InitializeReader(Enumerator enumerator)
   at Microsoft.EntityFrameworkCore.SqlServer.Storage.Internal.SqlServerExecutionStrategy.Execute[TState,TResult](TState state, Func`3 operation, Func`3 verifySucceeded)
   at Microsoft.EntityFrameworkCore.Query.Internal.SingleQueryingEnumerable`1.Enumerator.MoveNext()
ClientConnectionId:0824ffad-05cd-44b4-97a9-80be5b51b0e9
Error Number:-2,State:0,Class:11
2023-11-21 08:39:18,717 [1] INFO Microsoft.Hosting.Lifetime.?[?] - Now listening on: https://localhost:7177
2023-11-21 08:39:21,147 [1] INFO Microsoft.Hosting.Lifetime.?[?] - Now listening on: http://localhost:5029
2023-11-21 08:39:21,223 [1] INFO Microsoft.Hosting.Lifetime.OnApplicationStarted[0] - Application started. Press Ctrl+C to shut down.
2023-11-21 08:39:21,509 [1] INFO Microsoft.Hosting.Lifetime.OnApplicationStarted[0] - Hosting environment: Development
2023-11-21 08:39:22,397 [1] INFO Microsoft.Hosting.Lifetime.OnApplicationStarted[0] - Content root path: C:\Desktop\MyProject\ComplaintTicketSolution\ComplaintTicketApp\
2023-11-21 08:41:23,612 [.NET ThreadPool Worker] INFO Microsoft.EntityFrameworkCore.Infrastructure.?[?] - Entity Framework Core 6.0.24 initialized 'ComplaintTicketContext' using provider 'Microsoft.EntityFrameworkCore.SqlServer:6.0.24' with options: None
2023-11-21 08:41:29,074 [.NET ThreadPool Worker] INFO Microsoft.EntityFrameworkCore.Database.Command.?[?] - Executed DbCommand (465ms) [Parameters=[@__key_0='?' (Size = 450)], CommandType='Text', CommandTimeout='30']
SELECT TOP(2) [u].[Username], [u].[Key], [u].[Password], [u].[Role]
FROM [Users] AS [u]
WHERE [u].[Username] = @__key_0
2023-11-21 08:42:40,997 [.NET ThreadPool Worker] INFO Microsoft.EntityFrameworkCore.Infrastructure.?[?] - Entity Framework Core 6.0.24 initialized 'ComplaintTicketContext' using provider 'Microsoft.EntityFrameworkCore.SqlServer:6.0.24' with options: None
2023-11-21 08:42:41,810 [.NET ThreadPool Worker] INFO Microsoft.EntityFrameworkCore.Database.Command.?[?] - Executed DbCommand (37ms) [Parameters=[@p0='?' (Size = 4000), @p1='?' (Size = 4000), @p2='?' (Size = 4000), @p3='?' (Size = 4000)], CommandType='Text', CommandTimeout='30']
SET NOCOUNT ON;
INSERT INTO [Organizations] ([ContactEmail], [ContactPhone], [Description], [OrganizationName])
VALUES (@p0, @p1, @p2, @p3);
SELECT [OrganizationId]
FROM [Organizations]
WHERE @@ROWCOUNT = 1 AND [OrganizationId] = scope_identity();
2023-11-21 08:43:49,529 [.NET ThreadPool Worker] INFO Microsoft.EntityFrameworkCore.Infrastructure.?[?] - Entity Framework Core 6.0.24 initialized 'ComplaintTicketContext' using provider 'Microsoft.EntityFrameworkCore.SqlServer:6.0.24' with options: None
2023-11-21 08:43:49,734 [.NET ThreadPool Worker] INFO Microsoft.EntityFrameworkCore.Database.Command.?[?] - Executed DbCommand (20ms) [Parameters=[], CommandType='Text', CommandTimeout='30']
SELECT COUNT(*)
FROM [Organizations] AS [o]
2023-11-21 08:43:49,885 [.NET ThreadPool Worker] INFO Microsoft.EntityFrameworkCore.Database.Command.?[?] - Executed DbCommand (28ms) [Parameters=[], CommandType='Text', CommandTimeout='30']
SELECT [o].[OrganizationId], [o].[ContactEmail], [o].[ContactPhone], [o].[Description], [o].[OrganizationName]
FROM [Organizations] AS [o]
2023-11-21 08:44:11,848 [.NET ThreadPool Worker] INFO Microsoft.EntityFrameworkCore.Infrastructure.?[?] - Entity Framework Core 6.0.24 initialized 'ComplaintTicketContext' using provider 'Microsoft.EntityFrameworkCore.SqlServer:6.0.24' with options: None
2023-11-21 08:44:12,012 [.NET ThreadPool Worker] INFO Microsoft.EntityFrameworkCore.Database.Command.?[?] - Executed DbCommand (90ms) [Parameters=[@__key_0='?' (DbType = Int32)], CommandType='Text', CommandTimeout='30']
SELECT TOP(2) [o].[OrganizationId], [o].[ContactEmail], [o].[ContactPhone], [o].[Description], [o].[OrganizationName]
FROM [Organizations] AS [o]
WHERE [o].[OrganizationId] = @__key_0
2023-11-21 08:46:20,197 [.NET ThreadPool Worker] INFO Microsoft.EntityFrameworkCore.Infrastructure.?[?] - Entity Framework Core 6.0.24 initialized 'ComplaintTicketContext' using provider 'Microsoft.EntityFrameworkCore.SqlServer:6.0.24' with options: None
2023-11-21 08:46:20,240 [.NET ThreadPool Worker] INFO Microsoft.EntityFrameworkCore.Database.Command.?[?] - Executed DbCommand (6ms) [Parameters=[@__key_0='?' (Size = 450)], CommandType='Text', CommandTimeout='30']
SELECT TOP(2) [u].[Username], [u].[Key], [u].[Password], [u].[Role]
FROM [Users] AS [u]
WHERE [u].[Username] = @__key_0
2023-11-21 08:46:40,584 [.NET ThreadPool Worker] INFO Microsoft.EntityFrameworkCore.Infrastructure.?[?] - Entity Framework Core 6.0.24 initialized 'ComplaintTicketContext' using provider 'Microsoft.EntityFrameworkCore.SqlServer:6.0.24' with options: None
2023-11-21 08:46:40,612 [.NET ThreadPool Worker] INFO Microsoft.EntityFrameworkCore.Database.Command.?[?] - Executed DbCommand (3ms) [Parameters=[@__key_0='?' (DbType = Int32)], CommandType='Text', CommandTimeout='30']
SELECT TOP(2) [o].[OrganizationId], [o].[ContactEmail], [o].[ContactPhone], [o].[Description], [o].[OrganizationName]
FROM [Organizations] AS [o]
WHERE [o].[OrganizationId] = @__key_0
2023-11-21 08:46:40,961 [.NET ThreadPool Worker] INFO Microsoft.EntityFrameworkCore.Database.Command.?[?] - Executed DbCommand (29ms) [Parameters=[@p0='?' (Size = 4000), @p1='?' (Size = 4000), @p2='?' (Size = 4000), @p3='?' (DbType = Int32), @p4='?' (Size = 4000), @p5='?' (Size = 450)], CommandType='Text', CommandTimeout='30']
SET NOCOUNT ON;
INSERT INTO [Complaints] ([Category], [Description], [FilePath], [OrganizationId], [OrganizationName], [Username])
VALUES (@p0, @p1, @p2, @p3, @p4, @p5);
SELECT [ComplaintId]
FROM [Complaints]
WHERE @@ROWCOUNT = 1 AND [ComplaintId] = scope_identity();
2023-11-21 08:46:41,122 [.NET ThreadPool Worker] INFO Microsoft.EntityFrameworkCore.Database.Command.?[?] - Executed DbCommand (28ms) [Parameters=[@p0='?' (DbType = Int32), @p1='?' (DbType = Int32), @p2='?' (Size = 4000)], CommandType='Text', CommandTimeout='30']
SET NOCOUNT ON;
INSERT INTO [Priorities] ([ComplaintId], [EscalationThreshold], [Name])
VALUES (@p0, @p1, @p2);
SELECT [PriorityId]
FROM [Priorities]
WHERE @@ROWCOUNT = 1 AND [PriorityId] = scope_identity();
2023-11-21 08:46:41,289 [.NET ThreadPool Worker] INFO Microsoft.EntityFrameworkCore.Database.Command.?[?] - Executed DbCommand (26ms) [Parameters=[@p0='?' (DbType = Int32), @p1='?' (Size = 4000), @p2='?' (DbType = DateTime2)], CommandType='Text', CommandTimeout='30']
SET NOCOUNT ON;
INSERT INTO [Trackings] ([ComplaintId], [Status], [UpdateDate])
VALUES (@p0, @p1, @p2);
SELECT [TrackingId]
FROM [Trackings]
WHERE @@ROWCOUNT = 1 AND [TrackingId] = scope_identity();
