2023-11-20 12:07:41,385 [1] INFO Microsoft.EntityFrameworkCore.Infrastructure.?[?] - Entity Framework Core 6.0.25 initialized 'ComplaintTicketContext' using provider 'Microsoft.EntityFrameworkCore.SqlServer:6.0.25' with options: None
2023-11-20 12:07:48,657 [1] INFO Microsoft.EntityFrameworkCore.Infrastructure.?[?] - Entity Framework Core 6.0.25 initialized 'ComplaintTicketContext' using provider 'Microsoft.EntityFrameworkCore.SqlServer:6.0.25' with options: None
2023-11-20 12:07:50,923 [1] INFO Microsoft.EntityFrameworkCore.Database.Command.?[?] - Executed DbCommand (1,849ms) [Parameters=[], CommandType='Text', CommandTimeout='60']
CREATE DATABASE [dbComplaintTicket20Nov2023];
2023-11-20 12:07:51,308 [1] INFO Microsoft.EntityFrameworkCore.Database.Command.?[?] - Executed DbCommand (381ms) [Parameters=[], CommandType='Text', CommandTimeout='60']
IF SERVERPROPERTY('EngineEdition') <> 5
BEGIN
    ALTER DATABASE [dbComplaintTicket20Nov2023] SET READ_COMMITTED_SNAPSHOT ON;
END;
2023-11-20 12:07:51,327 [1] INFO Microsoft.EntityFrameworkCore.Database.Command.?[?] - Executed DbCommand (7ms) [Parameters=[], CommandType='Text', CommandTimeout='30']
SELECT 1
2023-11-20 12:07:51,418 [1] INFO Microsoft.EntityFrameworkCore.Database.Command.?[?] - Executed DbCommand (16ms) [Parameters=[], CommandType='Text', CommandTimeout='30']
CREATE TABLE [__EFMigrationsHistory] (
    [MigrationId] nvarchar(150) NOT NULL,
    [ProductVersion] nvarchar(32) NOT NULL,
    CONSTRAINT [PK___EFMigrationsHistory] PRIMARY KEY ([MigrationId])
);
2023-11-20 12:07:51,420 [1] INFO Microsoft.EntityFrameworkCore.Database.Command.?[?] - Executed DbCommand (1ms) [Parameters=[], CommandType='Text', CommandTimeout='30']
SELECT 1
2023-11-20 12:07:51,437 [1] INFO Microsoft.EntityFrameworkCore.Database.Command.?[?] - Executed DbCommand (12ms) [Parameters=[], CommandType='Text', CommandTimeout='30']
SELECT OBJECT_ID(N'[__EFMigrationsHistory]');
2023-11-20 12:07:51,445 [1] INFO Microsoft.EntityFrameworkCore.Database.Command.?[?] - Executed DbCommand (6ms) [Parameters=[], CommandType='Text', CommandTimeout='30']
SELECT [MigrationId], [ProductVersion]
FROM [__EFMigrationsHistory]
ORDER BY [MigrationId];
2023-11-20 12:07:51,457 [1] INFO Microsoft.EntityFrameworkCore.Migrations.?[?] - Applying migration '20231120063741_first'.
2023-11-20 12:07:51,622 [1] INFO Microsoft.EntityFrameworkCore.Database.Command.?[?] - Executed DbCommand (8ms) [Parameters=[], CommandType='Text', CommandTimeout='30']
CREATE TABLE [Organizations] (
    [OrganizationId] int NOT NULL IDENTITY,
    [OrganizationName] nvarchar(max) NOT NULL,
    [Description] nvarchar(max) NOT NULL,
    [ContactEmail] nvarchar(max) NOT NULL,
    [ContactPhone] nvarchar(max) NOT NULL,
    CONSTRAINT [PK_Organizations] PRIMARY KEY ([OrganizationId])
);
2023-11-20 12:07:51,625 [1] INFO Microsoft.EntityFrameworkCore.Database.Command.?[?] - Executed DbCommand (2ms) [Parameters=[], CommandType='Text', CommandTimeout='30']
CREATE TABLE [Users] (
    [Username] nvarchar(450) NOT NULL,
    [Password] varbinary(max) NOT NULL,
    [Key] varbinary(max) NOT NULL,
    [Role] nvarchar(max) NOT NULL,
    CONSTRAINT [PK_Users] PRIMARY KEY ([Username])
);
2023-11-20 12:07:51,629 [1] INFO Microsoft.EntityFrameworkCore.Database.Command.?[?] - Executed DbCommand (3ms) [Parameters=[], CommandType='Text', CommandTimeout='30']
CREATE TABLE [Analytics] (
    [AnalyticsId] int NOT NULL IDENTITY,
    [ReportName] nvarchar(max) NOT NULL,
    [OrganizationId] int NOT NULL,
    CONSTRAINT [PK_Analytics] PRIMARY KEY ([AnalyticsId]),
    CONSTRAINT [FK_Analytics_Organizations_OrganizationId] FOREIGN KEY ([OrganizationId]) REFERENCES [Organizations] ([OrganizationId]) ON DELETE CASCADE
);
2023-11-20 12:07:52,838 [1] INFO Microsoft.EntityFrameworkCore.Database.Command.?[?] - Executed DbCommand (8ms) [Parameters=[], CommandType='Text', CommandTimeout='30']
CREATE TABLE [Complaints] (
    [ComplaintId] int NOT NULL IDENTITY,
    [Category] nvarchar(max) NOT NULL,
    [Description] nvarchar(max) NOT NULL,
    [OrganizationName] nvarchar(max) NOT NULL,
    [FilePath] nvarchar(max) NULL,
    [Username] nvarchar(450) NOT NULL,
    [OrganizationId] int NOT NULL,
    CONSTRAINT [PK_Complaints] PRIMARY KEY ([ComplaintId]),
    CONSTRAINT [FK_Complaints_Organizations_OrganizationId] FOREIGN KEY ([OrganizationId]) REFERENCES [Organizations] ([OrganizationId]) ON DELETE CASCADE,
    CONSTRAINT [FK_Complaints_Users_Username] FOREIGN KEY ([Username]) REFERENCES [Users] ([Username]) ON DELETE NO ACTION
);
2023-11-20 12:07:52,842 [1] INFO Microsoft.EntityFrameworkCore.Database.Command.?[?] - Executed DbCommand (4ms) [Parameters=[], CommandType='Text', CommandTimeout='30']
CREATE TABLE [Comments] (
    [CommentId] int NOT NULL IDENTITY,
    [Text] nvarchar(max) NOT NULL,
    [CreatedAt] datetime2 NOT NULL,
    [ComplaintId] int NOT NULL,
    [Username] nvarchar(450) NOT NULL,
    CONSTRAINT [PK_Comments] PRIMARY KEY ([CommentId]),
    CONSTRAINT [FK_Comments_Complaints_ComplaintId] FOREIGN KEY ([ComplaintId]) REFERENCES [Complaints] ([ComplaintId]) ON DELETE CASCADE,
    CONSTRAINT [FK_Comments_Users_Username] FOREIGN KEY ([Username]) REFERENCES [Users] ([Username]) ON DELETE NO ACTION
);
2023-11-20 12:07:54,572 [1] INFO Microsoft.EntityFrameworkCore.Database.Command.?[?] - Executed DbCommand (5ms) [Parameters=[], CommandType='Text', CommandTimeout='30']
CREATE TABLE [Priorities] (
    [PriorityId] int NOT NULL IDENTITY,
    [Name] nvarchar(max) NOT NULL,
    [ComplaintId] int NOT NULL,
    [EscalationThreshold] int NOT NULL,
    CONSTRAINT [PK_Priorities] PRIMARY KEY ([PriorityId]),
    CONSTRAINT [FK_Priorities_Complaints_ComplaintId] FOREIGN KEY ([ComplaintId]) REFERENCES [Complaints] ([ComplaintId]) ON DELETE NO ACTION
);
2023-11-20 12:07:54,579 [1] INFO Microsoft.EntityFrameworkCore.Database.Command.?[?] - Executed DbCommand (6ms) [Parameters=[], CommandType='Text', CommandTimeout='30']
CREATE TABLE [Trackings] (
    [TrackingId] int NOT NULL IDENTITY,
    [ComplaintId] int NOT NULL,
    [Status] nvarchar(max) NOT NULL,
    [UpdateDate] datetime2 NOT NULL,
    CONSTRAINT [PK_Trackings] PRIMARY KEY ([TrackingId]),
    CONSTRAINT [FK_Trackings_Complaints_ComplaintId] FOREIGN KEY ([ComplaintId]) REFERENCES [Complaints] ([ComplaintId]) ON DELETE NO ACTION
);
2023-11-20 12:07:55,910 [1] INFO Microsoft.EntityFrameworkCore.Database.Command.?[?] - Executed DbCommand (11ms) [Parameters=[], CommandType='Text', CommandTimeout='30']
CREATE INDEX [IX_Analytics_OrganizationId] ON [Analytics] ([OrganizationId]);
2023-11-20 12:07:55,913 [1] INFO Microsoft.EntityFrameworkCore.Database.Command.?[?] - Executed DbCommand (2ms) [Parameters=[], CommandType='Text', CommandTimeout='30']
CREATE INDEX [IX_Comments_ComplaintId] ON [Comments] ([ComplaintId]);
2023-11-20 12:07:55,915 [1] INFO Microsoft.EntityFrameworkCore.Database.Command.?[?] - Executed DbCommand (2ms) [Parameters=[], CommandType='Text', CommandTimeout='30']
CREATE INDEX [IX_Comments_Username] ON [Comments] ([Username]);
2023-11-20 12:07:55,916 [1] INFO Microsoft.EntityFrameworkCore.Database.Command.?[?] - Executed DbCommand (1ms) [Parameters=[], CommandType='Text', CommandTimeout='30']
CREATE INDEX [IX_Complaints_OrganizationId] ON [Complaints] ([OrganizationId]);
2023-11-20 12:07:55,917 [1] INFO Microsoft.EntityFrameworkCore.Database.Command.?[?] - Executed DbCommand (1ms) [Parameters=[], CommandType='Text', CommandTimeout='30']
CREATE INDEX [IX_Complaints_Username] ON [Complaints] ([Username]);
2023-11-20 12:07:55,919 [1] INFO Microsoft.EntityFrameworkCore.Database.Command.?[?] - Executed DbCommand (1ms) [Parameters=[], CommandType='Text', CommandTimeout='30']
CREATE UNIQUE INDEX [IX_Priorities_ComplaintId] ON [Priorities] ([ComplaintId]);
2023-11-20 12:07:57,535 [1] INFO Microsoft.EntityFrameworkCore.Database.Command.?[?] - Executed DbCommand (90ms) [Parameters=[], CommandType='Text', CommandTimeout='30']
CREATE UNIQUE INDEX [IX_Trackings_ComplaintId] ON [Trackings] ([ComplaintId]);
2023-11-20 12:07:57,556 [1] INFO Microsoft.EntityFrameworkCore.Database.Command.?[?] - Executed DbCommand (20ms) [Parameters=[], CommandType='Text', CommandTimeout='30']
INSERT INTO [__EFMigrationsHistory] ([MigrationId], [ProductVersion])
VALUES (N'20231120063741_first', N'6.0.25');
2023-11-20 12:08:09,590 [1] INFO Microsoft.Hosting.Lifetime.?[?] - Now listening on: https://localhost:7245
2023-11-20 12:08:09,750 [1] INFO Microsoft.Hosting.Lifetime.?[?] - Now listening on: http://localhost:5032
2023-11-20 12:08:09,756 [1] INFO Microsoft.Hosting.Lifetime.OnApplicationStarted[0] - Application started. Press Ctrl+C to shut down.
2023-11-20 12:08:09,760 [1] INFO Microsoft.Hosting.Lifetime.OnApplicationStarted[0] - Hosting environment: Development
2023-11-20 12:08:09,762 [1] INFO Microsoft.Hosting.Lifetime.OnApplicationStarted[0] - Content root path: C:\Users\ghant\Desktop\Hexaware FSD\Training\ComplaintTicketApplication\ComplaintTicketSolution\ComplaintTicketApplication\
2023-11-20 12:11:06,280 [.NET ThreadPool Worker] INFO Microsoft.EntityFrameworkCore.Infrastructure.?[?] - Entity Framework Core 6.0.25 initialized 'ComplaintTicketContext' using provider 'Microsoft.EntityFrameworkCore.SqlServer:6.0.25' with options: None
2023-11-20 12:11:08,082 [.NET ThreadPool Worker] INFO Microsoft.EntityFrameworkCore.Database.Command.?[?] - Executed DbCommand (173ms) [Parameters=[@p0='?' (Size = 450), @p1='?' (Size = 8000) (DbType = Binary), @p2='?' (Size = 8000) (DbType = Binary), @p3='?' (Size = 4000)], CommandType='Text', CommandTimeout='30']
SET NOCOUNT ON;
INSERT INTO [Users] ([Username], [Key], [Password], [Role])
VALUES (@p0, @p1, @p2, @p3);
2023-11-20 12:11:39,459 [.NET ThreadPool Worker] INFO Microsoft.EntityFrameworkCore.Infrastructure.?[?] - Entity Framework Core 6.0.25 initialized 'ComplaintTicketContext' using provider 'Microsoft.EntityFrameworkCore.SqlServer:6.0.25' with options: None
2023-11-20 12:11:39,909 [.NET ThreadPool Worker] INFO Microsoft.EntityFrameworkCore.Database.Command.?[?] - Executed DbCommand (12ms) [Parameters=[@__key_0='?' (Size = 450)], CommandType='Text', CommandTimeout='30']
SELECT TOP(2) [u].[Username], [u].[Key], [u].[Password], [u].[Role]
FROM [Users] AS [u]
WHERE [u].[Username] = @__key_0
2023-11-20 12:13:24,347 [.NET ThreadPool Worker] INFO Microsoft.EntityFrameworkCore.Infrastructure.?[?] - Entity Framework Core 6.0.25 initialized 'ComplaintTicketContext' using provider 'Microsoft.EntityFrameworkCore.SqlServer:6.0.25' with options: None
2023-11-20 12:13:24,375 [.NET ThreadPool Worker] INFO Microsoft.EntityFrameworkCore.Database.Command.?[?] - Executed DbCommand (8ms) [Parameters=[], CommandType='Text', CommandTimeout='30']
SELECT COUNT(*)
FROM [Organizations] AS [o]
2023-11-20 12:25:36,064 [1] INFO Microsoft.Hosting.Lifetime.?[?] - Now listening on: https://localhost:7245
2023-11-20 12:25:36,149 [1] INFO Microsoft.Hosting.Lifetime.?[?] - Now listening on: http://localhost:5032
2023-11-20 12:25:36,159 [1] INFO Microsoft.Hosting.Lifetime.OnApplicationStarted[0] - Application started. Press Ctrl+C to shut down.
2023-11-20 12:25:36,171 [1] INFO Microsoft.Hosting.Lifetime.OnApplicationStarted[0] - Hosting environment: Development
2023-11-20 12:25:36,174 [1] INFO Microsoft.Hosting.Lifetime.OnApplicationStarted[0] - Content root path: C:\Users\ghant\Desktop\Hexaware FSD\Training\ComplaintTicketApplication\ComplaintTicketSolution\ComplaintTicketApplication\
2023-11-20 12:28:59,164 [1] INFO Microsoft.Hosting.Lifetime.?[?] - Now listening on: https://localhost:7245
2023-11-20 12:28:59,247 [1] INFO Microsoft.Hosting.Lifetime.?[?] - Now listening on: http://localhost:5032
2023-11-20 12:28:59,254 [1] INFO Microsoft.Hosting.Lifetime.OnApplicationStarted[0] - Application started. Press Ctrl+C to shut down.
2023-11-20 12:28:59,259 [1] INFO Microsoft.Hosting.Lifetime.OnApplicationStarted[0] - Hosting environment: Development
2023-11-20 12:28:59,260 [1] INFO Microsoft.Hosting.Lifetime.OnApplicationStarted[0] - Content root path: C:\Users\ghant\Desktop\Hexaware FSD\Training\ComplaintTicketApplication\ComplaintTicketSolution\ComplaintTicketApplication\
2023-11-20 12:29:26,634 [.NET ThreadPool Worker] INFO Microsoft.EntityFrameworkCore.Infrastructure.?[?] - Entity Framework Core 6.0.25 initialized 'ComplaintTicketContext' using provider 'Microsoft.EntityFrameworkCore.SqlServer:6.0.25' with options: None
2023-11-20 12:29:27,477 [.NET ThreadPool Worker] INFO Microsoft.EntityFrameworkCore.Database.Command.?[?] - Executed DbCommand (100ms) [Parameters=[@__key_0='?' (Size = 450)], CommandType='Text', CommandTimeout='30']
SELECT TOP(2) [u].[Username], [u].[Key], [u].[Password], [u].[Role]
FROM [Users] AS [u]
WHERE [u].[Username] = @__key_0
2023-11-20 12:43:26,979 [1] INFO Microsoft.Hosting.Lifetime.?[?] - Now listening on: https://localhost:7245
2023-11-20 12:43:27,030 [1] INFO Microsoft.Hosting.Lifetime.?[?] - Now listening on: http://localhost:5032
2023-11-20 12:43:27,039 [1] INFO Microsoft.Hosting.Lifetime.OnApplicationStarted[0] - Application started. Press Ctrl+C to shut down.
2023-11-20 12:43:27,043 [1] INFO Microsoft.Hosting.Lifetime.OnApplicationStarted[0] - Hosting environment: Development
2023-11-20 12:43:27,045 [1] INFO Microsoft.Hosting.Lifetime.OnApplicationStarted[0] - Content root path: C:\Users\ghant\Desktop\Hexaware FSD\Training\ComplaintTicketApplication\ComplaintTicketSolution\ComplaintTicketApplication\
2023-11-20 12:44:02,426 [.NET ThreadPool Worker] INFO Microsoft.EntityFrameworkCore.Infrastructure.?[?] - Entity Framework Core 6.0.25 initialized 'ComplaintTicketContext' using provider 'Microsoft.EntityFrameworkCore.SqlServer:6.0.25' with options: None
2023-11-20 12:44:03,169 [.NET ThreadPool Worker] INFO Microsoft.EntityFrameworkCore.Database.Command.?[?] - Executed DbCommand (67ms) [Parameters=[@__key_0='?' (Size = 450)], CommandType='Text', CommandTimeout='30']
SELECT TOP(2) [u].[Username], [u].[Key], [u].[Password], [u].[Role]
FROM [Users] AS [u]
WHERE [u].[Username] = @__key_0
2023-11-20 12:44:25,627 [.NET ThreadPool Worker] INFO Microsoft.EntityFrameworkCore.Infrastructure.?[?] - Entity Framework Core 6.0.25 initialized 'ComplaintTicketContext' using provider 'Microsoft.EntityFrameworkCore.SqlServer:6.0.25' with options: None
2023-11-20 12:44:25,653 [.NET ThreadPool Worker] INFO Microsoft.EntityFrameworkCore.Database.Command.?[?] - Executed DbCommand (4ms) [Parameters=[], CommandType='Text', CommandTimeout='30']
SELECT COUNT(*)
FROM [Organizations] AS [o]
2023-11-20 12:52:10,582 [1] INFO Microsoft.Hosting.Lifetime.?[?] - Now listening on: https://localhost:7245
2023-11-20 12:52:10,645 [1] INFO Microsoft.Hosting.Lifetime.?[?] - Now listening on: http://localhost:5032
2023-11-20 12:52:10,654 [1] INFO Microsoft.Hosting.Lifetime.OnApplicationStarted[0] - Application started. Press Ctrl+C to shut down.
2023-11-20 12:52:10,659 [1] INFO Microsoft.Hosting.Lifetime.OnApplicationStarted[0] - Hosting environment: Development
2023-11-20 12:52:10,661 [1] INFO Microsoft.Hosting.Lifetime.OnApplicationStarted[0] - Content root path: C:\Users\ghant\Desktop\Hexaware FSD\Training\ComplaintTicketApplication\ComplaintTicketSolution\ComplaintTicketApplication\
2023-11-20 12:52:38,004 [.NET ThreadPool Worker] INFO Microsoft.EntityFrameworkCore.Infrastructure.?[?] - Entity Framework Core 6.0.25 initialized 'ComplaintTicketContext' using provider 'Microsoft.EntityFrameworkCore.SqlServer:6.0.25' with options: None
2023-11-20 12:52:38,826 [.NET ThreadPool Worker] INFO Microsoft.EntityFrameworkCore.Database.Command.?[?] - Executed DbCommand (57ms) [Parameters=[@__key_0='?' (Size = 450)], CommandType='Text', CommandTimeout='30']
SELECT TOP(2) [u].[Username], [u].[Key], [u].[Password], [u].[Role]
FROM [Users] AS [u]
WHERE [u].[Username] = @__key_0
2023-11-20 12:53:18,043 [.NET ThreadPool Worker] INFO Microsoft.EntityFrameworkCore.Infrastructure.?[?] - Entity Framework Core 6.0.25 initialized 'ComplaintTicketContext' using provider 'Microsoft.EntityFrameworkCore.SqlServer:6.0.25' with options: None
2023-11-20 12:53:18,073 [.NET ThreadPool Worker] INFO Microsoft.EntityFrameworkCore.Database.Command.?[?] - Executed DbCommand (8ms) [Parameters=[], CommandType='Text', CommandTimeout='30']
SELECT COUNT(*)
FROM [Organizations] AS [o]
2023-11-20 15:53:27,473 [1] INFO Microsoft.Hosting.Lifetime.?[?] - Now listening on: https://localhost:7245
2023-11-20 15:53:27,652 [1] INFO Microsoft.Hosting.Lifetime.?[?] - Now listening on: http://localhost:5032
2023-11-20 15:53:27,661 [1] INFO Microsoft.Hosting.Lifetime.OnApplicationStarted[0] - Application started. Press Ctrl+C to shut down.
2023-11-20 15:53:27,666 [1] INFO Microsoft.Hosting.Lifetime.OnApplicationStarted[0] - Hosting environment: Development
2023-11-20 15:53:27,668 [1] INFO Microsoft.Hosting.Lifetime.OnApplicationStarted[0] - Content root path: C:\Users\ghant\Desktop\Hexaware FSD\Training\ComplaintTicketApplication\ComplaintTicketSolution\ComplaintTicketApplication\
2023-11-20 16:19:25,498 [1] INFO Microsoft.Hosting.Lifetime.?[?] - Now listening on: https://localhost:7245
2023-11-20 16:19:25,566 [1] INFO Microsoft.Hosting.Lifetime.?[?] - Now listening on: http://localhost:5032
2023-11-20 16:19:25,575 [1] INFO Microsoft.Hosting.Lifetime.OnApplicationStarted[0] - Application started. Press Ctrl+C to shut down.
2023-11-20 16:19:25,579 [1] INFO Microsoft.Hosting.Lifetime.OnApplicationStarted[0] - Hosting environment: Development
2023-11-20 16:19:25,581 [1] INFO Microsoft.Hosting.Lifetime.OnApplicationStarted[0] - Content root path: C:\Users\ghant\Desktop\Hexaware FSD\Training\ComplaintTicketApplication\ComplaintTicketSolution\ComplaintTicketApplication\
2023-11-20 16:19:36,785 [.NET ThreadPool Worker] INFO Microsoft.EntityFrameworkCore.Infrastructure.?[?] - Entity Framework Core 6.0.25 initialized 'ComplaintTicketContext' using provider 'Microsoft.EntityFrameworkCore.SqlServer:6.0.25' with options: None
2023-11-20 16:19:37,927 [.NET ThreadPool Worker] INFO Microsoft.EntityFrameworkCore.Database.Command.?[?] - Executed DbCommand (263ms) [Parameters=[], CommandType='Text', CommandTimeout='30']
SELECT COUNT(*)
FROM [Organizations] AS [o]
2023-11-20 16:25:22,335 [1] INFO Microsoft.Hosting.Lifetime.?[?] - Now listening on: https://localhost:7245
2023-11-20 16:25:22,387 [1] INFO Microsoft.Hosting.Lifetime.?[?] - Now listening on: http://localhost:5032
2023-11-20 16:25:22,607 [1] INFO Microsoft.Hosting.Lifetime.OnApplicationStarted[0] - Application started. Press Ctrl+C to shut down.
2023-11-20 16:25:22,610 [1] INFO Microsoft.Hosting.Lifetime.OnApplicationStarted[0] - Hosting environment: Development
2023-11-20 16:25:22,613 [1] INFO Microsoft.Hosting.Lifetime.OnApplicationStarted[0] - Content root path: C:\Users\ghant\Desktop\Hexaware FSD\Training\ComplaintTicketApplication\ComplaintTicketSolution\ComplaintTicketApplication\
2023-11-20 16:26:24,144 [.NET ThreadPool Worker] INFO Microsoft.EntityFrameworkCore.Infrastructure.?[?] - Entity Framework Core 6.0.25 initialized 'ComplaintTicketContext' using provider 'Microsoft.EntityFrameworkCore.SqlServer:6.0.25' with options: None
2023-11-20 16:26:25,999 [.NET ThreadPool Worker] INFO Microsoft.EntityFrameworkCore.Database.Command.?[?] - Executed DbCommand (92ms) [Parameters=[], CommandType='Text', CommandTimeout='30']
SELECT COUNT(*)
FROM [Organizations] AS [o]
2023-11-20 18:02:43,143 [1] INFO Microsoft.Hosting.Lifetime.?[?] - Now listening on: https://localhost:7245
2023-11-20 18:02:43,226 [1] INFO Microsoft.Hosting.Lifetime.?[?] - Now listening on: http://localhost:5032
2023-11-20 18:02:43,234 [1] INFO Microsoft.Hosting.Lifetime.OnApplicationStarted[0] - Application started. Press Ctrl+C to shut down.
2023-11-20 18:02:43,241 [1] INFO Microsoft.Hosting.Lifetime.OnApplicationStarted[0] - Hosting environment: Development
2023-11-20 18:02:43,244 [1] INFO Microsoft.Hosting.Lifetime.OnApplicationStarted[0] - Content root path: C:\Users\ghant\Desktop\Hexaware FSD\Training\ComplaintTicketApplication\ComplaintTicketSolution\ComplaintTicketApplication\
2023-11-20 18:09:22,503 [1] INFO Microsoft.Hosting.Lifetime.?[?] - Now listening on: https://localhost:7245
2023-11-20 18:09:22,612 [1] INFO Microsoft.Hosting.Lifetime.?[?] - Now listening on: http://localhost:5032
2023-11-20 18:09:22,639 [1] INFO Microsoft.Hosting.Lifetime.OnApplicationStarted[0] - Application started. Press Ctrl+C to shut down.
2023-11-20 18:09:22,647 [1] INFO Microsoft.Hosting.Lifetime.OnApplicationStarted[0] - Hosting environment: Development
2023-11-20 18:09:22,651 [1] INFO Microsoft.Hosting.Lifetime.OnApplicationStarted[0] - Content root path: C:\Users\ghant\Desktop\Hexaware FSD\Training\ComplaintTicketApplication\ComplaintTicketSolution\ComplaintTicketApplication\
2023-11-20 18:10:10,247 [.NET ThreadPool Worker] INFO Microsoft.EntityFrameworkCore.Infrastructure.?[?] - Entity Framework Core 6.0.25 initialized 'ComplaintTicketContext' using provider 'Microsoft.EntityFrameworkCore.SqlServer:6.0.25' with options: None
2023-11-20 18:10:11,243 [.NET ThreadPool Worker] INFO Microsoft.EntityFrameworkCore.Database.Command.?[?] - Executed DbCommand (137ms) [Parameters=[], CommandType='Text', CommandTimeout='30']
SELECT COUNT(*)
FROM [Organizations] AS [o]
2023-11-21 08:13:10,824 [1] INFO Microsoft.Hosting.Lifetime.?[?] - Now listening on: https://localhost:7245
2023-11-21 08:13:11,224 [1] INFO Microsoft.Hosting.Lifetime.?[?] - Now listening on: http://localhost:5032
2023-11-21 08:13:11,234 [1] INFO Microsoft.Hosting.Lifetime.OnApplicationStarted[0] - Application started. Press Ctrl+C to shut down.
2023-11-21 08:13:11,240 [1] INFO Microsoft.Hosting.Lifetime.OnApplicationStarted[0] - Hosting environment: Development
2023-11-21 08:13:11,242 [1] INFO Microsoft.Hosting.Lifetime.OnApplicationStarted[0] - Content root path: C:\Users\ghant\Desktop\Hexaware FSD\Training\ComplaintTicketApplication\ComplaintTicketSolution\ComplaintTicketApplication\
2023-11-21 08:21:06,260 [1] INFO Microsoft.Hosting.Lifetime.?[?] - Now listening on: https://localhost:7245
2023-11-21 08:21:06,369 [1] INFO Microsoft.Hosting.Lifetime.?[?] - Now listening on: http://localhost:5032
2023-11-21 08:21:06,375 [1] INFO Microsoft.Hosting.Lifetime.OnApplicationStarted[0] - Application started. Press Ctrl+C to shut down.
2023-11-21 08:21:06,380 [1] INFO Microsoft.Hosting.Lifetime.OnApplicationStarted[0] - Hosting environment: Development
2023-11-21 08:21:06,381 [1] INFO Microsoft.Hosting.Lifetime.OnApplicationStarted[0] - Content root path: C:\Users\ghant\Desktop\Hexaware FSD\Training\ComplaintTicketApplication\ComplaintTicketSolution\ComplaintTicketApplication\
2023-11-21 08:23:14,241 [.NET ThreadPool Worker] INFO Microsoft.EntityFrameworkCore.Infrastructure.?[?] - Entity Framework Core 6.0.25 initialized 'ComplaintTicketContext' using provider 'Microsoft.EntityFrameworkCore.SqlServer:6.0.25' with options: None
2023-11-21 08:23:15,540 [.NET ThreadPool Worker] INFO Microsoft.EntityFrameworkCore.Database.Command.?[?] - Executed DbCommand (252ms) [Parameters=[@__key_0='?' (Size = 450)], CommandType='Text', CommandTimeout='30']
SELECT TOP(2) [u].[Username], [u].[Key], [u].[Password], [u].[Role]
FROM [Users] AS [u]
WHERE [u].[Username] = @__key_0
2023-11-21 08:32:08,763 [1] INFO Microsoft.Hosting.Lifetime.?[?] - Now listening on: https://localhost:7245
2023-11-21 08:32:08,864 [1] INFO Microsoft.Hosting.Lifetime.?[?] - Now listening on: http://localhost:5032
2023-11-21 08:32:08,874 [1] INFO Microsoft.Hosting.Lifetime.OnApplicationStarted[0] - Application started. Press Ctrl+C to shut down.
2023-11-21 08:32:08,879 [1] INFO Microsoft.Hosting.Lifetime.OnApplicationStarted[0] - Hosting environment: Development
2023-11-21 08:32:08,881 [1] INFO Microsoft.Hosting.Lifetime.OnApplicationStarted[0] - Content root path: C:\Users\ghant\Desktop\Hexaware FSD\Training\ComplaintTicketApplication\ComplaintTicketSolution\ComplaintTicketApplication\
2023-11-21 08:32:31,980 [.NET ThreadPool Worker] INFO Microsoft.EntityFrameworkCore.Infrastructure.?[?] - Entity Framework Core 6.0.25 initialized 'ComplaintTicketContext' using provider 'Microsoft.EntityFrameworkCore.SqlServer:6.0.25' with options: None
2023-11-21 08:32:33,153 [.NET ThreadPool Worker] INFO Microsoft.EntityFrameworkCore.Database.Command.?[?] - Executed DbCommand (344ms) [Parameters=[@__key_0='?' (Size = 450)], CommandType='Text', CommandTimeout='30']
SELECT TOP(2) [u].[Username], [u].[Key], [u].[Password], [u].[Role]
FROM [Users] AS [u]
WHERE [u].[Username] = @__key_0
2023-11-21 08:35:32,850 [1] INFO Microsoft.Hosting.Lifetime.?[?] - Now listening on: https://localhost:7245
2023-11-21 08:35:32,898 [1] INFO Microsoft.Hosting.Lifetime.?[?] - Now listening on: http://localhost:5032
2023-11-21 08:35:32,905 [1] INFO Microsoft.Hosting.Lifetime.OnApplicationStarted[0] - Application started. Press Ctrl+C to shut down.
2023-11-21 08:35:32,909 [1] INFO Microsoft.Hosting.Lifetime.OnApplicationStarted[0] - Hosting environment: Development
2023-11-21 08:35:32,911 [1] INFO Microsoft.Hosting.Lifetime.OnApplicationStarted[0] - Content root path: C:\Users\ghant\Desktop\Hexaware FSD\Training\ComplaintTicketApplication\ComplaintTicketSolution\ComplaintTicketApplication\
2023-11-21 08:36:00,242 [.NET ThreadPool Worker] INFO Microsoft.EntityFrameworkCore.Infrastructure.?[?] - Entity Framework Core 6.0.25 initialized 'ComplaintTicketContext' using provider 'Microsoft.EntityFrameworkCore.SqlServer:6.0.25' with options: None
2023-11-21 08:36:00,983 [.NET ThreadPool Worker] INFO Microsoft.EntityFrameworkCore.Database.Command.?[?] - Executed DbCommand (201ms) [Parameters=[@p0='?' (Size = 4000), @p1='?' (Size = 4000), @p2='?' (Size = 4000), @p3='?' (Size = 4000)], CommandType='Text', CommandTimeout='30']
SET NOCOUNT ON;
INSERT INTO [Organizations] ([ContactEmail], [ContactPhone], [Description], [OrganizationName])
VALUES (@p0, @p1, @p2, @p3);
SELECT [OrganizationId]
FROM [Organizations]
WHERE @@ROWCOUNT = 1 AND [OrganizationId] = scope_identity();
2023-11-21 08:36:13,647 [.NET ThreadPool Worker] INFO Microsoft.EntityFrameworkCore.Infrastructure.?[?] - Entity Framework Core 6.0.25 initialized 'ComplaintTicketContext' using provider 'Microsoft.EntityFrameworkCore.SqlServer:6.0.25' with options: None
2023-11-21 08:36:13,986 [.NET ThreadPool Worker] INFO Microsoft.EntityFrameworkCore.Database.Command.?[?] - Executed DbCommand (5ms) [Parameters=[], CommandType='Text', CommandTimeout='30']
SELECT COUNT(*)
FROM [Organizations] AS [o]
2023-11-21 08:36:14,027 [.NET ThreadPool Worker] INFO Microsoft.EntityFrameworkCore.Database.Command.?[?] - Executed DbCommand (2ms) [Parameters=[], CommandType='Text', CommandTimeout='30']
SELECT [o].[OrganizationId], [o].[ContactEmail], [o].[ContactPhone], [o].[Description], [o].[OrganizationName]
FROM [Organizations] AS [o]
2023-11-21 08:42:09,798 [1] INFO Microsoft.Hosting.Lifetime.?[?] - Now listening on: https://localhost:7245
2023-11-21 08:42:09,880 [1] INFO Microsoft.Hosting.Lifetime.?[?] - Now listening on: http://localhost:5032
2023-11-21 08:42:09,887 [1] INFO Microsoft.Hosting.Lifetime.OnApplicationStarted[0] - Application started. Press Ctrl+C to shut down.
2023-11-21 08:42:09,892 [1] INFO Microsoft.Hosting.Lifetime.OnApplicationStarted[0] - Hosting environment: Development
2023-11-21 08:42:09,893 [1] INFO Microsoft.Hosting.Lifetime.OnApplicationStarted[0] - Content root path: C:\Users\ghant\Desktop\Hexaware FSD\Training\ComplaintTicketApplication\ComplaintTicketSolution\ComplaintTicketApplication\
2023-11-21 08:42:37,416 [.NET ThreadPool Worker] INFO Microsoft.EntityFrameworkCore.Infrastructure.?[?] - Entity Framework Core 6.0.25 initialized 'ComplaintTicketContext' using provider 'Microsoft.EntityFrameworkCore.SqlServer:6.0.25' with options: None
2023-11-21 08:42:38,320 [.NET ThreadPool Worker] INFO Microsoft.EntityFrameworkCore.Database.Command.?[?] - Executed DbCommand (80ms) [Parameters=[@__key_0='?' (Size = 450)], CommandType='Text', CommandTimeout='30']
SELECT TOP(2) [u].[Username], [u].[Key], [u].[Password], [u].[Role]
FROM [Users] AS [u]
WHERE [u].[Username] = @__key_0
2023-11-21 08:44:08,970 [1] INFO Microsoft.Hosting.Lifetime.?[?] - Now listening on: https://localhost:7245
2023-11-21 08:44:09,026 [1] INFO Microsoft.Hosting.Lifetime.?[?] - Now listening on: http://localhost:5032
2023-11-21 08:44:09,043 [1] INFO Microsoft.Hosting.Lifetime.OnApplicationStarted[0] - Application started. Press Ctrl+C to shut down.
2023-11-21 08:44:09,050 [1] INFO Microsoft.Hosting.Lifetime.OnApplicationStarted[0] - Hosting environment: Development
2023-11-21 08:44:09,052 [1] INFO Microsoft.Hosting.Lifetime.OnApplicationStarted[0] - Content root path: C:\Users\ghant\Desktop\Hexaware FSD\Training\ComplaintTicketApplication\ComplaintTicketSolution\ComplaintTicketApplication\
2023-11-21 08:44:35,066 [.NET ThreadPool Worker] INFO Microsoft.EntityFrameworkCore.Infrastructure.?[?] - Entity Framework Core 6.0.25 initialized 'ComplaintTicketContext' using provider 'Microsoft.EntityFrameworkCore.SqlServer:6.0.25' with options: None
2023-11-21 08:44:35,929 [.NET ThreadPool Worker] INFO Microsoft.EntityFrameworkCore.Database.Command.?[?] - Executed DbCommand (57ms) [Parameters=[@__key_0='?' (Size = 450)], CommandType='Text', CommandTimeout='30']
SELECT TOP(2) [u].[Username], [u].[Key], [u].[Password], [u].[Role]
FROM [Users] AS [u]
WHERE [u].[Username] = @__key_0
2023-11-21 08:49:12,407 [1] INFO Microsoft.Hosting.Lifetime.?[?] - Now listening on: https://localhost:7245
2023-11-21 08:49:12,455 [1] INFO Microsoft.Hosting.Lifetime.?[?] - Now listening on: http://localhost:5032
2023-11-21 08:49:12,463 [1] INFO Microsoft.Hosting.Lifetime.OnApplicationStarted[0] - Application started. Press Ctrl+C to shut down.
2023-11-21 08:49:12,467 [1] INFO Microsoft.Hosting.Lifetime.OnApplicationStarted[0] - Hosting environment: Development
2023-11-21 08:49:12,468 [1] INFO Microsoft.Hosting.Lifetime.OnApplicationStarted[0] - Content root path: C:\Users\ghant\Desktop\Hexaware FSD\Training\ComplaintTicketApplication\ComplaintTicketSolution\ComplaintTicketApplication\
2023-11-21 08:52:06,203 [1] INFO Microsoft.Hosting.Lifetime.?[?] - Now listening on: https://localhost:7245
2023-11-21 08:52:06,252 [1] INFO Microsoft.Hosting.Lifetime.?[?] - Now listening on: http://localhost:5032
2023-11-21 08:52:06,259 [1] INFO Microsoft.Hosting.Lifetime.OnApplicationStarted[0] - Application started. Press Ctrl+C to shut down.
2023-11-21 08:52:06,263 [1] INFO Microsoft.Hosting.Lifetime.OnApplicationStarted[0] - Hosting environment: Development
2023-11-21 08:52:06,265 [1] INFO Microsoft.Hosting.Lifetime.OnApplicationStarted[0] - Content root path: C:\Users\ghant\Desktop\Hexaware FSD\Training\ComplaintTicketApplication\ComplaintTicketSolution\ComplaintTicketApplication\
2023-11-21 08:52:28,479 [.NET ThreadPool Worker] INFO Microsoft.EntityFrameworkCore.Infrastructure.?[?] - Entity Framework Core 6.0.25 initialized 'ComplaintTicketContext' using provider 'Microsoft.EntityFrameworkCore.SqlServer:6.0.25' with options: None
2023-11-21 08:52:29,158 [.NET ThreadPool Worker] INFO Microsoft.EntityFrameworkCore.Database.Command.?[?] - Executed DbCommand (79ms) [Parameters=[@p0='?' (Size = 450), @p1='?' (Size = 8000) (DbType = Binary), @p2='?' (Size = 8000) (DbType = Binary), @p3='?' (Size = 4000)], CommandType='Text', CommandTimeout='30']
SET NOCOUNT ON;
INSERT INTO [Users] ([Username], [Key], [Password], [Role])
VALUES (@p0, @p1, @p2, @p3);
2023-11-21 08:52:45,685 [.NET ThreadPool Worker] INFO Microsoft.EntityFrameworkCore.Infrastructure.?[?] - Entity Framework Core 6.0.25 initialized 'ComplaintTicketContext' using provider 'Microsoft.EntityFrameworkCore.SqlServer:6.0.25' with options: None
2023-11-21 08:52:46,101 [.NET ThreadPool Worker] INFO Microsoft.EntityFrameworkCore.Database.Command.?[?] - Executed DbCommand (8ms) [Parameters=[@__key_0='?' (Size = 450)], CommandType='Text', CommandTimeout='30']
SELECT TOP(2) [u].[Username], [u].[Key], [u].[Password], [u].[Role]
FROM [Users] AS [u]
WHERE [u].[Username] = @__key_0
2023-11-21 08:53:30,896 [.NET ThreadPool Worker] INFO Microsoft.EntityFrameworkCore.Infrastructure.?[?] - Entity Framework Core 6.0.25 initialized 'ComplaintTicketContext' using provider 'Microsoft.EntityFrameworkCore.SqlServer:6.0.25' with options: None
2023-11-21 08:53:30,951 [.NET ThreadPool Worker] INFO Microsoft.EntityFrameworkCore.Database.Command.?[?] - Executed DbCommand (6ms) [Parameters=[@p0='?' (Size = 4000), @p1='?' (Size = 4000), @p2='?' (Size = 4000), @p3='?' (Size = 4000)], CommandType='Text', CommandTimeout='30']
SET NOCOUNT ON;
INSERT INTO [Organizations] ([ContactEmail], [ContactPhone], [Description], [OrganizationName])
VALUES (@p0, @p1, @p2, @p3);
SELECT [OrganizationId]
FROM [Organizations]
WHERE @@ROWCOUNT = 1 AND [OrganizationId] = scope_identity();
2023-11-21 08:54:19,823 [.NET ThreadPool Worker] INFO Microsoft.EntityFrameworkCore.Infrastructure.?[?] - Entity Framework Core 6.0.25 initialized 'ComplaintTicketContext' using provider 'Microsoft.EntityFrameworkCore.SqlServer:6.0.25' with options: None
2023-11-21 08:54:19,836 [.NET ThreadPool Worker] INFO Microsoft.EntityFrameworkCore.Database.Command.?[?] - Executed DbCommand (6ms) [Parameters=[@__key_0='?' (DbType = Int32)], CommandType='Text', CommandTimeout='30']
SELECT TOP(2) [o].[OrganizationId], [o].[ContactEmail], [o].[ContactPhone], [o].[Description], [o].[OrganizationName]
FROM [Organizations] AS [o]
WHERE [o].[OrganizationId] = @__key_0
2023-11-21 08:54:20,152 [.NET ThreadPool Worker] INFO Microsoft.EntityFrameworkCore.Database.Command.?[?] - Executed DbCommand (271ms) [Parameters=[@p0='?' (Size = 4000), @p1='?' (Size = 4000), @p2='?' (Size = 4000), @p3='?' (DbType = Int32), @p4='?' (Size = 4000), @p5='?' (Size = 450)], CommandType='Text', CommandTimeout='30']
SET NOCOUNT ON;
INSERT INTO [Complaints] ([Category], [Description], [FilePath], [OrganizationId], [OrganizationName], [Username])
VALUES (@p0, @p1, @p2, @p3, @p4, @p5);
SELECT [ComplaintId]
FROM [Complaints]
WHERE @@ROWCOUNT = 1 AND [ComplaintId] = scope_identity();
2023-11-21 08:54:20,272 [.NET ThreadPool Worker] INFO Microsoft.EntityFrameworkCore.Database.Command.?[?] - Executed DbCommand (75ms) [Parameters=[@p0='?' (DbType = Int32), @p1='?' (DbType = Int32), @p2='?' (Size = 4000)], CommandType='Text', CommandTimeout='30']
SET NOCOUNT ON;
INSERT INTO [Priorities] ([ComplaintId], [EscalationThreshold], [Name])
VALUES (@p0, @p1, @p2);
SELECT [PriorityId]
FROM [Priorities]
WHERE @@ROWCOUNT = 1 AND [PriorityId] = scope_identity();
2023-11-21 08:54:20,379 [.NET ThreadPool Worker] INFO Microsoft.EntityFrameworkCore.Database.Command.?[?] - Executed DbCommand (71ms) [Parameters=[@p0='?' (DbType = Int32), @p1='?' (Size = 4000), @p2='?' (DbType = DateTime2)], CommandType='Text', CommandTimeout='30']
SET NOCOUNT ON;
INSERT INTO [Trackings] ([ComplaintId], [Status], [UpdateDate])
VALUES (@p0, @p1, @p2);
SELECT [TrackingId]
FROM [Trackings]
WHERE @@ROWCOUNT = 1 AND [TrackingId] = scope_identity();
2023-11-21 13:47:44,842 [1] INFO Microsoft.EntityFrameworkCore.Infrastructure.?[?] - Entity Framework Core 6.0.25 initialized 'ComplaintTicketContext' using provider 'Microsoft.EntityFrameworkCore.SqlServer:6.0.25' with options: None
2023-11-21 13:47:54,021 [1] INFO Microsoft.EntityFrameworkCore.Infrastructure.?[?] - Entity Framework Core 6.0.25 initialized 'ComplaintTicketContext' using provider 'Microsoft.EntityFrameworkCore.SqlServer:6.0.25' with options: None
2023-11-21 13:47:55,065 [1] INFO Microsoft.EntityFrameworkCore.Database.Command.?[?] - Executed DbCommand (591ms) [Parameters=[], CommandType='Text', CommandTimeout='60']
CREATE DATABASE [dbComplaintTicket20Nov2023];
2023-11-21 13:47:55,201 [1] INFO Microsoft.EntityFrameworkCore.Database.Command.?[?] - Executed DbCommand (128ms) [Parameters=[], CommandType='Text', CommandTimeout='60']
IF SERVERPROPERTY('EngineEdition') <> 5
BEGIN
    ALTER DATABASE [dbComplaintTicket20Nov2023] SET READ_COMMITTED_SNAPSHOT ON;
END;
2023-11-21 13:47:55,220 [1] INFO Microsoft.EntityFrameworkCore.Database.Command.?[?] - Executed DbCommand (8ms) [Parameters=[], CommandType='Text', CommandTimeout='30']
SELECT 1
2023-11-21 13:47:55,342 [1] INFO Microsoft.EntityFrameworkCore.Database.Command.?[?] - Executed DbCommand (13ms) [Parameters=[], CommandType='Text', CommandTimeout='30']
CREATE TABLE [__EFMigrationsHistory] (
    [MigrationId] nvarchar(150) NOT NULL,
    [ProductVersion] nvarchar(32) NOT NULL,
    CONSTRAINT [PK___EFMigrationsHistory] PRIMARY KEY ([MigrationId])
);
2023-11-21 13:47:55,344 [1] INFO Microsoft.EntityFrameworkCore.Database.Command.?[?] - Executed DbCommand (0ms) [Parameters=[], CommandType='Text', CommandTimeout='30']
SELECT 1
2023-11-21 13:47:55,367 [1] INFO Microsoft.EntityFrameworkCore.Database.Command.?[?] - Executed DbCommand (15ms) [Parameters=[], CommandType='Text', CommandTimeout='30']
SELECT OBJECT_ID(N'[__EFMigrationsHistory]');
2023-11-21 13:47:55,373 [1] INFO Microsoft.EntityFrameworkCore.Database.Command.?[?] - Executed DbCommand (3ms) [Parameters=[], CommandType='Text', CommandTimeout='30']
SELECT [MigrationId], [ProductVersion]
FROM [__EFMigrationsHistory]
ORDER BY [MigrationId];
2023-11-21 13:47:55,393 [1] INFO Microsoft.EntityFrameworkCore.Migrations.?[?] - Applying migration '20231121081745_first'.
2023-11-21 13:47:55,464 [1] INFO Microsoft.EntityFrameworkCore.Database.Command.?[?] - Executed DbCommand (6ms) [Parameters=[], CommandType='Text', CommandTimeout='30']
CREATE TABLE [Organizations] (
    [OrganizationId] int NOT NULL IDENTITY,
    [OrganizationName] nvarchar(max) NOT NULL,
    [Description] nvarchar(max) NOT NULL,
    [ContactEmail] nvarchar(max) NOT NULL,
    [ContactPhone] nvarchar(max) NOT NULL,
    CONSTRAINT [PK_Organizations] PRIMARY KEY ([OrganizationId])
);
2023-11-21 13:47:55,857 [1] INFO Microsoft.EntityFrameworkCore.Database.Command.?[?] - Executed DbCommand (2ms) [Parameters=[], CommandType='Text', CommandTimeout='30']
CREATE TABLE [Users] (
    [Username] nvarchar(450) NOT NULL,
    [Password] varbinary(max) NOT NULL,
    [Key] varbinary(max) NOT NULL,
    [Role] nvarchar(max) NOT NULL,
    CONSTRAINT [PK_Users] PRIMARY KEY ([Username])
);
2023-11-21 13:47:55,862 [1] INFO Microsoft.EntityFrameworkCore.Database.Command.?[?] - Executed DbCommand (5ms) [Parameters=[], CommandType='Text', CommandTimeout='30']
CREATE TABLE [Analytics] (
    [AnalyticsId] int NOT NULL IDENTITY,
    [ReportName] nvarchar(max) NOT NULL,
    [OrganizationId] int NOT NULL,
    CONSTRAINT [PK_Analytics] PRIMARY KEY ([AnalyticsId]),
    CONSTRAINT [FK_Analytics_Organizations_OrganizationId] FOREIGN KEY ([OrganizationId]) REFERENCES [Organizations] ([OrganizationId]) ON DELETE CASCADE
);
2023-11-21 13:47:55,866 [1] INFO Microsoft.EntityFrameworkCore.Database.Command.?[?] - Executed DbCommand (3ms) [Parameters=[], CommandType='Text', CommandTimeout='30']
CREATE TABLE [Complaints] (
    [ComplaintId] int NOT NULL IDENTITY,
    [Category] nvarchar(max) NOT NULL,
    [Description] nvarchar(max) NOT NULL,
    [OrganizationName] nvarchar(max) NOT NULL,
    [FilePath] nvarchar(max) NULL,
    [Username] nvarchar(450) NOT NULL,
    [OrganizationId] int NOT NULL,
    CONSTRAINT [PK_Complaints] PRIMARY KEY ([ComplaintId]),
    CONSTRAINT [FK_Complaints_Organizations_OrganizationId] FOREIGN KEY ([OrganizationId]) REFERENCES [Organizations] ([OrganizationId]) ON DELETE CASCADE,
    CONSTRAINT [FK_Complaints_Users_Username] FOREIGN KEY ([Username]) REFERENCES [Users] ([Username]) ON DELETE NO ACTION
);
2023-11-21 13:47:57,930 [1] INFO Microsoft.EntityFrameworkCore.Database.Command.?[?] - Executed DbCommand (3ms) [Parameters=[], CommandType='Text', CommandTimeout='30']
CREATE TABLE [Comments] (
    [CommentId] int NOT NULL IDENTITY,
    [Text] nvarchar(max) NOT NULL,
    [CreatedAt] datetime2 NOT NULL,
    [ComplaintId] int NOT NULL,
    [Username] nvarchar(450) NOT NULL,
    CONSTRAINT [PK_Comments] PRIMARY KEY ([CommentId]),
    CONSTRAINT [FK_Comments_Complaints_ComplaintId] FOREIGN KEY ([ComplaintId]) REFERENCES [Complaints] ([ComplaintId]) ON DELETE CASCADE,
    CONSTRAINT [FK_Comments_Users_Username] FOREIGN KEY ([Username]) REFERENCES [Users] ([Username]) ON DELETE NO ACTION
);
2023-11-21 13:47:57,970 [1] INFO Microsoft.EntityFrameworkCore.Database.Command.?[?] - Executed DbCommand (39ms) [Parameters=[], CommandType='Text', CommandTimeout='30']
CREATE TABLE [Priorities] (
    [PriorityId] int NOT NULL IDENTITY,
    [Name] nvarchar(max) NOT NULL,
    [ComplaintId] int NOT NULL,
    [EscalationThreshold] int NOT NULL,
    CONSTRAINT [PK_Priorities] PRIMARY KEY ([PriorityId]),
    CONSTRAINT [FK_Priorities_Complaints_ComplaintId] FOREIGN KEY ([ComplaintId]) REFERENCES [Complaints] ([ComplaintId]) ON DELETE NO ACTION
);
2023-11-21 13:47:59,678 [1] INFO Microsoft.EntityFrameworkCore.Database.Command.?[?] - Executed DbCommand (5ms) [Parameters=[], CommandType='Text', CommandTimeout='30']
CREATE TABLE [Trackings] (
    [TrackingId] int NOT NULL IDENTITY,
    [ComplaintId] int NOT NULL,
    [Status] nvarchar(max) NOT NULL,
    [UpdateDate] datetime2 NOT NULL,
    CONSTRAINT [PK_Trackings] PRIMARY KEY ([TrackingId]),
    CONSTRAINT [FK_Trackings_Complaints_ComplaintId] FOREIGN KEY ([ComplaintId]) REFERENCES [Complaints] ([ComplaintId]) ON DELETE NO ACTION
);
2023-11-21 13:47:59,684 [1] INFO Microsoft.EntityFrameworkCore.Database.Command.?[?] - Executed DbCommand (4ms) [Parameters=[], CommandType='Text', CommandTimeout='30']
CREATE INDEX [IX_Analytics_OrganizationId] ON [Analytics] ([OrganizationId]);
2023-11-21 13:47:59,690 [1] INFO Microsoft.EntityFrameworkCore.Database.Command.?[?] - Executed DbCommand (5ms) [Parameters=[], CommandType='Text', CommandTimeout='30']
CREATE INDEX [IX_Comments_ComplaintId] ON [Comments] ([ComplaintId]);
2023-11-21 13:48:01,105 [1] INFO Microsoft.EntityFrameworkCore.Database.Command.?[?] - Executed DbCommand (2ms) [Parameters=[], CommandType='Text', CommandTimeout='30']
CREATE INDEX [IX_Comments_Username] ON [Comments] ([Username]);
2023-11-21 13:48:01,108 [1] INFO Microsoft.EntityFrameworkCore.Database.Command.?[?] - Executed DbCommand (2ms) [Parameters=[], CommandType='Text', CommandTimeout='30']
CREATE INDEX [IX_Complaints_OrganizationId] ON [Complaints] ([OrganizationId]);
2023-11-21 13:48:01,110 [1] INFO Microsoft.EntityFrameworkCore.Database.Command.?[?] - Executed DbCommand (1ms) [Parameters=[], CommandType='Text', CommandTimeout='30']
CREATE INDEX [IX_Complaints_Username] ON [Complaints] ([Username]);
2023-11-21 13:48:01,112 [1] INFO Microsoft.EntityFrameworkCore.Database.Command.?[?] - Executed DbCommand (1ms) [Parameters=[], CommandType='Text', CommandTimeout='30']
CREATE UNIQUE INDEX [IX_Priorities_ComplaintId] ON [Priorities] ([ComplaintId]);
2023-11-21 13:48:01,114 [1] INFO Microsoft.EntityFrameworkCore.Database.Command.?[?] - Executed DbCommand (1ms) [Parameters=[], CommandType='Text', CommandTimeout='30']
CREATE UNIQUE INDEX [IX_Trackings_ComplaintId] ON [Trackings] ([ComplaintId]);
2023-11-21 13:48:01,172 [1] INFO Microsoft.EntityFrameworkCore.Database.Command.?[?] - Executed DbCommand (57ms) [Parameters=[], CommandType='Text', CommandTimeout='30']
INSERT INTO [__EFMigrationsHistory] ([MigrationId], [ProductVersion])
VALUES (N'20231121081745_first', N'6.0.25');
2023-11-21 13:48:19,710 [1] INFO Microsoft.Hosting.Lifetime.?[?] - Now listening on: https://localhost:7245
2023-11-21 13:48:19,871 [1] INFO Microsoft.Hosting.Lifetime.?[?] - Now listening on: http://localhost:5032
2023-11-21 13:48:19,883 [1] INFO Microsoft.Hosting.Lifetime.OnApplicationStarted[0] - Application started. Press Ctrl+C to shut down.
2023-11-21 13:48:19,891 [1] INFO Microsoft.Hosting.Lifetime.OnApplicationStarted[0] - Hosting environment: Development
2023-11-21 13:48:19,900 [1] INFO Microsoft.Hosting.Lifetime.OnApplicationStarted[0] - Content root path: C:\Users\ghant\Desktop\Hexaware FSD\Training\ComplaintTicketApplication\ComplaintTicketSolution\ComplaintTicketApplication\
2023-11-21 13:48:45,335 [.NET ThreadPool Worker] INFO Microsoft.EntityFrameworkCore.Infrastructure.?[?] - Entity Framework Core 6.0.25 initialized 'ComplaintTicketContext' using provider 'Microsoft.EntityFrameworkCore.SqlServer:6.0.25' with options: None
2023-11-21 13:48:46,131 [.NET ThreadPool Worker] INFO Microsoft.EntityFrameworkCore.Database.Command.?[?] - Executed DbCommand (69ms) [Parameters=[@p0='?' (Size = 450), @p1='?' (Size = 8000) (DbType = Binary), @p2='?' (Size = 8000) (DbType = Binary), @p3='?' (Size = 4000)], CommandType='Text', CommandTimeout='30']
SET NOCOUNT ON;
INSERT INTO [Users] ([Username], [Key], [Password], [Role])
VALUES (@p0, @p1, @p2, @p3);
2023-11-21 13:49:08,603 [.NET ThreadPool Worker] INFO Microsoft.EntityFrameworkCore.Infrastructure.?[?] - Entity Framework Core 6.0.25 initialized 'ComplaintTicketContext' using provider 'Microsoft.EntityFrameworkCore.SqlServer:6.0.25' with options: None
2023-11-21 13:49:09,147 [.NET ThreadPool Worker] INFO Microsoft.EntityFrameworkCore.Database.Command.?[?] - Executed DbCommand (22ms) [Parameters=[@__key_0='?' (Size = 450)], CommandType='Text', CommandTimeout='30']
SELECT TOP(2) [u].[Username], [u].[Key], [u].[Password], [u].[Role]
FROM [Users] AS [u]
WHERE [u].[Username] = @__key_0
2023-11-21 13:53:16,894 [.NET ThreadPool Worker] INFO Microsoft.EntityFrameworkCore.Infrastructure.?[?] - Entity Framework Core 6.0.25 initialized 'ComplaintTicketContext' using provider 'Microsoft.EntityFrameworkCore.SqlServer:6.0.25' with options: None
2023-11-21 13:53:16,911 [.NET ThreadPool Worker] INFO Microsoft.EntityFrameworkCore.Database.Command.?[?] - Executed DbCommand (6ms) [Parameters=[@__key_0='?' (Size = 450)], CommandType='Text', CommandTimeout='30']
SELECT TOP(2) [u].[Username], [u].[Key], [u].[Password], [u].[Role]
FROM [Users] AS [u]
WHERE [u].[Username] = @__key_0
2023-11-21 13:53:37,435 [.NET ThreadPool Worker] INFO Microsoft.EntityFrameworkCore.Infrastructure.?[?] - Entity Framework Core 6.0.25 initialized 'ComplaintTicketContext' using provider 'Microsoft.EntityFrameworkCore.SqlServer:6.0.25' with options: None
2023-11-21 13:53:37,538 [.NET ThreadPool Worker] INFO Microsoft.EntityFrameworkCore.Database.Command.?[?] - Executed DbCommand (20ms) [Parameters=[@p0='?' (Size = 4000), @p1='?' (Size = 4000), @p2='?' (Size = 4000), @p3='?' (Size = 4000)], CommandType='Text', CommandTimeout='30']
SET NOCOUNT ON;
INSERT INTO [Organizations] ([ContactEmail], [ContactPhone], [Description], [OrganizationName])
VALUES (@p0, @p1, @p2, @p3);
SELECT [OrganizationId]
FROM [Organizations]
WHERE @@ROWCOUNT = 1 AND [OrganizationId] = scope_identity();
2023-11-21 13:54:24,625 [.NET ThreadPool Worker] INFO Microsoft.EntityFrameworkCore.Infrastructure.?[?] - Entity Framework Core 6.0.25 initialized 'ComplaintTicketContext' using provider 'Microsoft.EntityFrameworkCore.SqlServer:6.0.25' with options: None
2023-11-21 13:54:24,636 [.NET ThreadPool Worker] INFO Microsoft.EntityFrameworkCore.Database.Command.?[?] - Executed DbCommand (3ms) [Parameters=[@__key_0='?' (DbType = Int32)], CommandType='Text', CommandTimeout='30']
SELECT TOP(2) [o].[OrganizationId], [o].[ContactEmail], [o].[ContactPhone], [o].[Description], [o].[OrganizationName]
FROM [Organizations] AS [o]
WHERE [o].[OrganizationId] = @__key_0
2023-11-21 13:54:34,627 [.NET ThreadPool Worker] INFO Microsoft.EntityFrameworkCore.Infrastructure.?[?] - Entity Framework Core 6.0.25 initialized 'ComplaintTicketContext' using provider 'Microsoft.EntityFrameworkCore.SqlServer:6.0.25' with options: None
2023-11-21 13:54:34,635 [.NET ThreadPool Worker] INFO Microsoft.EntityFrameworkCore.Database.Command.?[?] - Executed DbCommand (2ms) [Parameters=[@__key_0='?' (DbType = Int32)], CommandType='Text', CommandTimeout='30']
SELECT TOP(2) [o].[OrganizationId], [o].[ContactEmail], [o].[ContactPhone], [o].[Description], [o].[OrganizationName]
FROM [Organizations] AS [o]
WHERE [o].[OrganizationId] = @__key_0
2023-11-21 13:54:34,645 [.NET ThreadPool Worker] INFO Microsoft.EntityFrameworkCore.Database.Command.?[?] - Executed DbCommand (0ms) [Parameters=[@__key_0='?' (DbType = Int32)], CommandType='Text', CommandTimeout='30']
SELECT TOP(2) [o].[OrganizationId], [o].[ContactEmail], [o].[ContactPhone], [o].[Description], [o].[OrganizationName]
FROM [Organizations] AS [o]
WHERE [o].[OrganizationId] = @__key_0
2023-11-21 13:54:34,671 [.NET ThreadPool Worker] INFO Microsoft.EntityFrameworkCore.Database.Command.?[?] - Executed DbCommand (5ms) [Parameters=[@p4='?' (DbType = Int32), @p0='?' (Size = 4000), @p1='?' (Size = 4000), @p2='?' (Size = 4000), @p3='?' (Size = 4000)], CommandType='Text', CommandTimeout='30']
SET NOCOUNT ON;
UPDATE [Organizations] SET [ContactEmail] = @p0, [ContactPhone] = @p1, [Description] = @p2, [OrganizationName] = @p3
WHERE [OrganizationId] = @p4;
SELECT @@ROWCOUNT;
2023-11-21 13:54:41,517 [.NET ThreadPool Worker] INFO Microsoft.EntityFrameworkCore.Infrastructure.?[?] - Entity Framework Core 6.0.25 initialized 'ComplaintTicketContext' using provider 'Microsoft.EntityFrameworkCore.SqlServer:6.0.25' with options: None
2023-11-21 13:54:41,552 [.NET ThreadPool Worker] INFO Microsoft.EntityFrameworkCore.Database.Command.?[?] - Executed DbCommand (5ms) [Parameters=[], CommandType='Text', CommandTimeout='30']
SELECT COUNT(*)
FROM [Organizations] AS [o]
2023-11-21 13:54:41,562 [.NET ThreadPool Worker] INFO Microsoft.EntityFrameworkCore.Database.Command.?[?] - Executed DbCommand (1ms) [Parameters=[], CommandType='Text', CommandTimeout='30']
SELECT [o].[OrganizationId], [o].[ContactEmail], [o].[ContactPhone], [o].[Description], [o].[OrganizationName]
FROM [Organizations] AS [o]
2023-11-21 13:54:52,031 [.NET ThreadPool Worker] INFO Microsoft.EntityFrameworkCore.Infrastructure.?[?] - Entity Framework Core 6.0.25 initialized 'ComplaintTicketContext' using provider 'Microsoft.EntityFrameworkCore.SqlServer:6.0.25' with options: None
2023-11-21 13:54:52,039 [.NET ThreadPool Worker] INFO Microsoft.EntityFrameworkCore.Database.Command.?[?] - Executed DbCommand (0ms) [Parameters=[@__key_0='?' (DbType = Int32)], CommandType='Text', CommandTimeout='30']
SELECT TOP(2) [o].[OrganizationId], [o].[ContactEmail], [o].[ContactPhone], [o].[Description], [o].[OrganizationName]
FROM [Organizations] AS [o]
WHERE [o].[OrganizationId] = @__key_0
2023-11-21 13:55:33,229 [.NET ThreadPool Worker] INFO Microsoft.EntityFrameworkCore.Infrastructure.?[?] - Entity Framework Core 6.0.25 initialized 'ComplaintTicketContext' using provider 'Microsoft.EntityFrameworkCore.SqlServer:6.0.25' with options: None
2023-11-21 13:55:33,238 [.NET ThreadPool Worker] INFO Microsoft.EntityFrameworkCore.Database.Command.?[?] - Executed DbCommand (2ms) [Parameters=[@p0='?' (Size = 450), @p1='?' (Size = 8000) (DbType = Binary), @p2='?' (Size = 8000) (DbType = Binary), @p3='?' (Size = 4000)], CommandType='Text', CommandTimeout='30']
SET NOCOUNT ON;
INSERT INTO [Users] ([Username], [Key], [Password], [Role])
VALUES (@p0, @p1, @p2, @p3);
2023-11-21 13:55:57,674 [.NET ThreadPool Worker] INFO Microsoft.EntityFrameworkCore.Infrastructure.?[?] - Entity Framework Core 6.0.25 initialized 'ComplaintTicketContext' using provider 'Microsoft.EntityFrameworkCore.SqlServer:6.0.25' with options: None
2023-11-21 13:55:57,682 [.NET ThreadPool Worker] INFO Microsoft.EntityFrameworkCore.Database.Command.?[?] - Executed DbCommand (3ms) [Parameters=[@__key_0='?' (Size = 450)], CommandType='Text', CommandTimeout='30']
SELECT TOP(2) [u].[Username], [u].[Key], [u].[Password], [u].[Role]
FROM [Users] AS [u]
WHERE [u].[Username] = @__key_0
2023-11-21 13:56:55,874 [.NET ThreadPool Worker] INFO Microsoft.EntityFrameworkCore.Infrastructure.?[?] - Entity Framework Core 6.0.25 initialized 'ComplaintTicketContext' using provider 'Microsoft.EntityFrameworkCore.SqlServer:6.0.25' with options: None
2023-11-21 13:56:55,887 [.NET ThreadPool Worker] INFO Microsoft.EntityFrameworkCore.Database.Command.?[?] - Executed DbCommand (2ms) [Parameters=[@__key_0='?' (DbType = Int32)], CommandType='Text', CommandTimeout='30']
SELECT TOP(2) [o].[OrganizationId], [o].[ContactEmail], [o].[ContactPhone], [o].[Description], [o].[OrganizationName]
FROM [Organizations] AS [o]
WHERE [o].[OrganizationId] = @__key_0
2023-11-21 13:56:55,943 [.NET ThreadPool Worker] INFO Microsoft.EntityFrameworkCore.Database.Command.?[?] - Executed DbCommand (9ms) [Parameters=[@p0='?' (Size = 4000), @p1='?' (Size = 4000), @p2='?' (Size = 4000), @p3='?' (DbType = Int32), @p4='?' (Size = 4000), @p5='?' (Size = 450)], CommandType='Text', CommandTimeout='30']
SET NOCOUNT ON;
INSERT INTO [Complaints] ([Category], [Description], [FilePath], [OrganizationId], [OrganizationName], [Username])
VALUES (@p0, @p1, @p2, @p3, @p4, @p5);
SELECT [ComplaintId]
FROM [Complaints]
WHERE @@ROWCOUNT = 1 AND [ComplaintId] = scope_identity();
2023-11-21 13:56:55,969 [.NET ThreadPool Worker] INFO Microsoft.EntityFrameworkCore.Database.Command.?[?] - Executed DbCommand (4ms) [Parameters=[@p0='?' (DbType = Int32), @p1='?' (DbType = Int32), @p2='?' (Size = 4000)], CommandType='Text', CommandTimeout='30']
SET NOCOUNT ON;
INSERT INTO [Priorities] ([ComplaintId], [EscalationThreshold], [Name])
VALUES (@p0, @p1, @p2);
SELECT [PriorityId]
FROM [Priorities]
WHERE @@ROWCOUNT = 1 AND [PriorityId] = scope_identity();
2023-11-21 13:56:56,009 [.NET ThreadPool Worker] INFO Microsoft.EntityFrameworkCore.Database.Command.?[?] - Executed DbCommand (6ms) [Parameters=[@p0='?' (DbType = Int32), @p1='?' (Size = 4000), @p2='?' (DbType = DateTime2)], CommandType='Text', CommandTimeout='30']
SET NOCOUNT ON;
INSERT INTO [Trackings] ([ComplaintId], [Status], [UpdateDate])
VALUES (@p0, @p1, @p2);
SELECT [TrackingId]
FROM [Trackings]
WHERE @@ROWCOUNT = 1 AND [TrackingId] = scope_identity();
2023-11-21 13:57:22,598 [.NET ThreadPool Worker] INFO Microsoft.EntityFrameworkCore.Infrastructure.?[?] - Entity Framework Core 6.0.25 initialized 'ComplaintTicketContext' using provider 'Microsoft.EntityFrameworkCore.SqlServer:6.0.25' with options: None
2023-11-21 13:57:22,618 [.NET ThreadPool Worker] INFO Microsoft.EntityFrameworkCore.Database.Command.?[?] - Executed DbCommand (8ms) [Parameters=[@__key_0='?' (DbType = Int32)], CommandType='Text', CommandTimeout='30']
SELECT TOP(2) [c].[ComplaintId], [c].[Category], [c].[Description], [c].[FilePath], [c].[OrganizationId], [c].[OrganizationName], [c].[Username]
FROM [Complaints] AS [c]
WHERE [c].[ComplaintId] = @__key_0
2023-11-21 13:57:22,622 [.NET ThreadPool Worker] INFO Microsoft.EntityFrameworkCore.Database.Command.?[?] - Executed DbCommand (0ms) [Parameters=[@__key_0='?' (DbType = Int32)], CommandType='Text', CommandTimeout='30']
SELECT TOP(2) [c].[ComplaintId], [c].[Category], [c].[Description], [c].[FilePath], [c].[OrganizationId], [c].[OrganizationName], [c].[Username]
FROM [Complaints] AS [c]
WHERE [c].[ComplaintId] = @__key_0
2023-11-21 13:57:22,646 [.NET ThreadPool Worker] INFO Microsoft.EntityFrameworkCore.Database.Command.?[?] - Executed DbCommand (15ms) [Parameters=[@p6='?' (DbType = Int32), @p0='?' (Size = 4000), @p1='?' (Size = 4000), @p2='?' (Size = 4000), @p3='?' (DbType = Int32), @p4='?' (Size = 4000), @p5='?' (Size = 450)], CommandType='Text', CommandTimeout='30']
SET NOCOUNT ON;
UPDATE [Complaints] SET [Category] = @p0, [Description] = @p1, [FilePath] = @p2, [OrganizationId] = @p3, [OrganizationName] = @p4, [Username] = @p5
WHERE [ComplaintId] = @p6;
SELECT @@ROWCOUNT;
2023-11-21 14:57:31,342 [1] INFO Microsoft.Hosting.Lifetime.?[?] - Now listening on: https://localhost:7245
2023-11-21 14:57:31,454 [1] INFO Microsoft.Hosting.Lifetime.?[?] - Now listening on: http://localhost:5032
2023-11-21 14:57:31,461 [1] INFO Microsoft.Hosting.Lifetime.OnApplicationStarted[0] - Application started. Press Ctrl+C to shut down.
2023-11-21 14:57:31,466 [1] INFO Microsoft.Hosting.Lifetime.OnApplicationStarted[0] - Hosting environment: Development
2023-11-21 14:57:31,468 [1] INFO Microsoft.Hosting.Lifetime.OnApplicationStarted[0] - Content root path: C:\Users\ghant\Desktop\Hexaware FSD\Training\ComplaintTicketApplication\ComplaintTicketSolution\ComplaintTicketApplication\
2023-11-21 16:56:53,525 [1] INFO Microsoft.Hosting.Lifetime.?[?] - Now listening on: https://localhost:7245
2023-11-21 16:56:53,803 [1] INFO Microsoft.Hosting.Lifetime.?[?] - Now listening on: http://localhost:5032
2023-11-21 16:56:53,820 [1] INFO Microsoft.Hosting.Lifetime.OnApplicationStarted[0] - Application started. Press Ctrl+C to shut down.
2023-11-21 16:56:53,830 [1] INFO Microsoft.Hosting.Lifetime.OnApplicationStarted[0] - Hosting environment: Development
2023-11-21 16:56:53,835 [1] INFO Microsoft.Hosting.Lifetime.OnApplicationStarted[0] - Content root path: C:\Users\ghant\Desktop\Hexaware FSD\Training\ComplaintTicketApplication\ComplaintTicketSolution\ComplaintTicketApplication\
2023-11-21 16:59:04,893 [1] INFO Microsoft.Hosting.Lifetime.?[?] - Now listening on: https://localhost:7245
2023-11-21 16:59:04,989 [1] INFO Microsoft.Hosting.Lifetime.?[?] - Now listening on: http://localhost:5032
2023-11-21 16:59:05,000 [1] INFO Microsoft.Hosting.Lifetime.OnApplicationStarted[0] - Application started. Press Ctrl+C to shut down.
2023-11-21 16:59:05,006 [1] INFO Microsoft.Hosting.Lifetime.OnApplicationStarted[0] - Hosting environment: Development
2023-11-21 16:59:05,009 [1] INFO Microsoft.Hosting.Lifetime.OnApplicationStarted[0] - Content root path: C:\Users\ghant\Desktop\Hexaware FSD\Training\ComplaintTicketApplication\ComplaintTicketSolution\ComplaintTicketApplication\
2023-11-21 17:02:44,561 [.NET ThreadPool Worker] INFO Microsoft.EntityFrameworkCore.Infrastructure.?[?] - Entity Framework Core 6.0.25 initialized 'ComplaintTicketContext' using provider 'Microsoft.EntityFrameworkCore.SqlServer:6.0.25' with options: None
2023-11-21 17:02:45,776 [.NET ThreadPool Worker] INFO Microsoft.EntityFrameworkCore.Database.Command.?[?] - Executed DbCommand (91ms) [Parameters=[@__key_0='?' (Size = 450)], CommandType='Text', CommandTimeout='30']
SELECT TOP(2) [u].[Username], [u].[Key], [u].[Password], [u].[Role]
FROM [Users] AS [u]
WHERE [u].[Username] = @__key_0
2023-11-21 17:03:11,676 [.NET ThreadPool Worker] INFO Microsoft.EntityFrameworkCore.Infrastructure.?[?] - Entity Framework Core 6.0.25 initialized 'ComplaintTicketContext' using provider 'Microsoft.EntityFrameworkCore.SqlServer:6.0.25' with options: None
2023-11-21 17:03:11,746 [.NET ThreadPool Worker] INFO Microsoft.EntityFrameworkCore.Database.Command.?[?] - Executed DbCommand (41ms) [Parameters=[], CommandType='Text', CommandTimeout='30']
SELECT COUNT(*)
FROM [Organizations] AS [o]
2023-11-21 17:03:11,776 [.NET ThreadPool Worker] INFO Microsoft.EntityFrameworkCore.Database.Command.?[?] - Executed DbCommand (10ms) [Parameters=[], CommandType='Text', CommandTimeout='30']
SELECT [o].[OrganizationId], [o].[ContactEmail], [o].[ContactPhone], [o].[Description], [o].[OrganizationName]
FROM [Organizations] AS [o]
2023-11-21 17:31:21,596 [.NET ThreadPool Worker] INFO Microsoft.EntityFrameworkCore.Infrastructure.?[?] - Entity Framework Core 6.0.25 initialized 'ComplaintTicketContext' using provider 'Microsoft.EntityFrameworkCore.SqlServer:6.0.25' with options: None
2023-11-21 17:31:21,677 [.NET ThreadPool Worker] INFO Microsoft.EntityFrameworkCore.Database.Command.?[?] - Executed DbCommand (6ms) [Parameters=[], CommandType='Text', CommandTimeout='30']
SELECT COUNT(*)
FROM [Organizations] AS [o]
2023-11-21 17:31:21,685 [.NET ThreadPool Worker] INFO Microsoft.EntityFrameworkCore.Database.Command.?[?] - Executed DbCommand (2ms) [Parameters=[], CommandType='Text', CommandTimeout='30']
SELECT [o].[OrganizationId], [o].[ContactEmail], [o].[ContactPhone], [o].[Description], [o].[OrganizationName]
FROM [Organizations] AS [o]
2023-11-21 17:31:52,348 [.NET ThreadPool Worker] INFO Microsoft.EntityFrameworkCore.Infrastructure.?[?] - Entity Framework Core 6.0.25 initialized 'ComplaintTicketContext' using provider 'Microsoft.EntityFrameworkCore.SqlServer:6.0.25' with options: None
2023-11-21 17:31:52,368 [.NET ThreadPool Worker] INFO Microsoft.EntityFrameworkCore.Database.Command.?[?] - Executed DbCommand (6ms) [Parameters=[@__key_0='?' (Size = 450)], CommandType='Text', CommandTimeout='30']
SELECT TOP(2) [u].[Username], [u].[Key], [u].[Password], [u].[Role]
FROM [Users] AS [u]
WHERE [u].[Username] = @__key_0
2023-11-21 17:38:36,617 [1] INFO Microsoft.Hosting.Lifetime.?[?] - Now listening on: https://localhost:7245
2023-11-21 17:38:36,691 [1] INFO Microsoft.Hosting.Lifetime.?[?] - Now listening on: http://localhost:5032
2023-11-21 17:38:36,702 [1] INFO Microsoft.Hosting.Lifetime.OnApplicationStarted[0] - Application started. Press Ctrl+C to shut down.
2023-11-21 17:38:36,707 [1] INFO Microsoft.Hosting.Lifetime.OnApplicationStarted[0] - Hosting environment: Development
2023-11-21 17:38:36,711 [1] INFO Microsoft.Hosting.Lifetime.OnApplicationStarted[0] - Content root path: C:\Users\ghant\Desktop\Hexaware FSD\Training\ComplaintTicketApplication\ComplaintTicketSolution\ComplaintTicketApplication\
2023-11-21 17:39:00,104 [.NET ThreadPool Worker] INFO Microsoft.EntityFrameworkCore.Infrastructure.?[?] - Entity Framework Core 6.0.25 initialized 'ComplaintTicketContext' using provider 'Microsoft.EntityFrameworkCore.SqlServer:6.0.25' with options: None
2023-11-21 17:39:00,935 [.NET ThreadPool Worker] INFO Microsoft.EntityFrameworkCore.Database.Command.?[?] - Executed DbCommand (57ms) [Parameters=[@__key_0='?' (Size = 450)], CommandType='Text', CommandTimeout='30']
SELECT TOP(2) [u].[Username], [u].[Key], [u].[Password], [u].[Role]
FROM [Users] AS [u]
WHERE [u].[Username] = @__key_0
2023-11-21 17:45:32,776 [1] INFO Microsoft.Hosting.Lifetime.?[?] - Now listening on: https://localhost:7245
2023-11-21 17:45:32,831 [1] INFO Microsoft.Hosting.Lifetime.?[?] - Now listening on: http://localhost:5032
2023-11-21 17:45:32,840 [1] INFO Microsoft.Hosting.Lifetime.OnApplicationStarted[0] - Application started. Press Ctrl+C to shut down.
2023-11-21 17:45:32,844 [1] INFO Microsoft.Hosting.Lifetime.OnApplicationStarted[0] - Hosting environment: Development
2023-11-21 17:45:32,846 [1] INFO Microsoft.Hosting.Lifetime.OnApplicationStarted[0] - Content root path: C:\Users\ghant\Desktop\Hexaware FSD\Training\ComplaintTicketApplication\ComplaintTicketSolution\ComplaintTicketApplication\
2023-11-21 17:45:59,088 [.NET ThreadPool Worker] INFO Microsoft.EntityFrameworkCore.Infrastructure.?[?] - Entity Framework Core 6.0.25 initialized 'ComplaintTicketContext' using provider 'Microsoft.EntityFrameworkCore.SqlServer:6.0.25' with options: None
2023-11-21 17:46:01,150 [.NET ThreadPool Worker] INFO Microsoft.EntityFrameworkCore.Database.Command.?[?] - Executed DbCommand (169ms) [Parameters=[@__key_0='?' (Size = 450)], CommandType='Text', CommandTimeout='30']
SELECT TOP(2) [u].[Username], [u].[Key], [u].[Password], [u].[Role]
FROM [Users] AS [u]
WHERE [u].[Username] = @__key_0
2023-11-21 17:46:42,583 [.NET ThreadPool Worker] INFO Microsoft.EntityFrameworkCore.Infrastructure.?[?] - Entity Framework Core 6.0.25 initialized 'ComplaintTicketContext' using provider 'Microsoft.EntityFrameworkCore.SqlServer:6.0.25' with options: None
2023-11-21 17:46:42,617 [.NET ThreadPool Worker] INFO Microsoft.EntityFrameworkCore.Database.Command.?[?] - Executed DbCommand (13ms) [Parameters=[@__key_0='?' (DbType = Int32)], CommandType='Text', CommandTimeout='30']
SELECT TOP(2) [o].[OrganizationId], [o].[ContactEmail], [o].[ContactPhone], [o].[Description], [o].[OrganizationName]
FROM [Organizations] AS [o]
WHERE [o].[OrganizationId] = @__key_0
2023-11-21 17:46:43,266 [.NET ThreadPool Worker] INFO Microsoft.EntityFrameworkCore.Database.Command.?[?] - Executed DbCommand (69ms) [Parameters=[@p0='?' (Size = 4000), @p1='?' (Size = 4000), @p2='?' (Size = 4000), @p3='?' (DbType = Int32), @p4='?' (Size = 4000), @p5='?' (Size = 450)], CommandType='Text', CommandTimeout='30']
SET NOCOUNT ON;
INSERT INTO [Complaints] ([Category], [Description], [FilePath], [OrganizationId], [OrganizationName], [Username])
VALUES (@p0, @p1, @p2, @p3, @p4, @p5);
SELECT [ComplaintId]
FROM [Complaints]
WHERE @@ROWCOUNT = 1 AND [ComplaintId] = scope_identity();
2023-11-21 17:46:43,450 [.NET ThreadPool Worker] INFO Microsoft.EntityFrameworkCore.Database.Command.?[?] - Executed DbCommand (30ms) [Parameters=[@p0='?' (DbType = Int32), @p1='?' (DbType = Int32), @p2='?' (Size = 4000)], CommandType='Text', CommandTimeout='30']
SET NOCOUNT ON;
INSERT INTO [Priorities] ([ComplaintId], [EscalationThreshold], [Name])
VALUES (@p0, @p1, @p2);
SELECT [PriorityId]
FROM [Priorities]
WHERE @@ROWCOUNT = 1 AND [PriorityId] = scope_identity();
2023-11-21 17:46:43,529 [.NET ThreadPool Worker] INFO Microsoft.EntityFrameworkCore.Database.Command.?[?] - Executed DbCommand (33ms) [Parameters=[@p0='?' (DbType = Int32), @p1='?' (Size = 4000), @p2='?' (DbType = DateTime2)], CommandType='Text', CommandTimeout='30']
SET NOCOUNT ON;
INSERT INTO [Trackings] ([ComplaintId], [Status], [UpdateDate])
VALUES (@p0, @p1, @p2);
SELECT [TrackingId]
FROM [Trackings]
WHERE @@ROWCOUNT = 1 AND [TrackingId] = scope_identity();
2023-11-21 17:57:53,643 [.NET ThreadPool Worker] INFO Microsoft.EntityFrameworkCore.Infrastructure.?[?] - Entity Framework Core 6.0.25 initialized 'ComplaintTicketContext' using provider 'Microsoft.EntityFrameworkCore.SqlServer:6.0.25' with options: None
2023-11-21 17:57:53,675 [.NET ThreadPool Worker] INFO Microsoft.EntityFrameworkCore.Database.Command.?[?] - Executed DbCommand (6ms) [Parameters=[@__key_0='?' (DbType = Int32)], CommandType='Text', CommandTimeout='30']
SELECT TOP(2) [c].[ComplaintId], [c].[Category], [c].[Description], [c].[FilePath], [c].[OrganizationId], [c].[OrganizationName], [c].[Username]
FROM [Complaints] AS [c]
WHERE [c].[ComplaintId] = @__key_0
2023-11-21 17:58:31,290 [.NET ThreadPool Worker] INFO Microsoft.EntityFrameworkCore.Infrastructure.?[?] - Entity Framework Core 6.0.25 initialized 'ComplaintTicketContext' using provider 'Microsoft.EntityFrameworkCore.SqlServer:6.0.25' with options: None
2023-11-21 17:58:31,309 [.NET ThreadPool Worker] INFO Microsoft.EntityFrameworkCore.Database.Command.?[?] - Executed DbCommand (5ms) [Parameters=[@__key_0='?' (Size = 450)], CommandType='Text', CommandTimeout='30']
SELECT TOP(2) [u].[Username], [u].[Key], [u].[Password], [u].[Role]
FROM [Users] AS [u]
WHERE [u].[Username] = @__key_0
2023-11-21 17:58:58,363 [.NET ThreadPool Worker] INFO Microsoft.EntityFrameworkCore.Infrastructure.?[?] - Entity Framework Core 6.0.25 initialized 'ComplaintTicketContext' using provider 'Microsoft.EntityFrameworkCore.SqlServer:6.0.25' with options: None
2023-11-21 17:58:58,429 [.NET ThreadPool Worker] INFO Microsoft.EntityFrameworkCore.Database.Command.?[?] - Executed DbCommand (9ms) [Parameters=[], CommandType='Text', CommandTimeout='30']
SELECT COUNT(*)
FROM [Complaints] AS [c]
2023-11-21 17:58:58,446 [.NET ThreadPool Worker] INFO Microsoft.EntityFrameworkCore.Database.Command.?[?] - Executed DbCommand (4ms) [Parameters=[], CommandType='Text', CommandTimeout='30']
SELECT [c].[ComplaintId], [c].[Category], [c].[Description], [c].[FilePath], [c].[OrganizationId], [c].[OrganizationName], [c].[Username]
FROM [Complaints] AS [c]
